{"level":"info","message":"Queue start","timestamp":"2025-04-05T06:26:17.024Z"}
{"level":"info","message":"Get data Iot","timestamp":"2025-04-05T06:26:17.027Z"}
{"level":"info","message":"Get data Iot CMD","timestamp":"2025-04-05T06:26:17.153Z"}
{"level":"info","message":"Get data Payload Type","timestamp":"2025-04-05T06:26:17.163Z"}
{"level":"info","message":"Queue initialized","timestamp":"2025-04-05T06:26:17.171Z"}
{"level":"info","message":"Scheduled jobs initialized","timestamp":"2025-04-05T06:26:17.174Z"}
{"level":"info","message":"File watcher initialized","timestamp":"2025-04-05T06:26:17.175Z"}
{"level":"info","message":"Mqtt configs : ","timestamp":"2025-04-05T06:26:17.176Z"}
{"level":"info","message":"Connect DB Success","timestamp":"2025-04-05T06:26:17.227Z"}
{"level":"info","message":"Server is running on port 3335","timestamp":"2025-04-05T06:26:17.230Z"}
{"level":"info","message":"✅ MQTT connected","timestamp":"2025-04-05T06:26:17.296Z"}
{"0":"device_send/+","level":"info","message":"✅ Subscribed to topics:","timestamp":"2025-04-05T06:26:17.337Z"}
{"level":"info","message":"📩 Received on [device_send/C4:D8:D5:96:4F:4C]: \u0004\u0002\u0002A\u0000b","timestamp":"2025-04-05T06:27:19.810Z"}
{"level":"info","message":"📩 Received on [device_send/C4:D8:D5:96:4F:4C]: \u0004\u0002\u0002A\u0000b","timestamp":"2025-04-05T06:29:37.004Z"}
{"level":"info","message":"Queue start","timestamp":"2025-04-05T06:30:17.712Z"}
{"level":"info","message":"Get data Iot","timestamp":"2025-04-05T06:30:17.714Z"}
{"level":"info","message":"Get data Iot CMD","timestamp":"2025-04-05T06:30:17.793Z"}
{"level":"info","message":"Get data Payload Type","timestamp":"2025-04-05T06:30:17.806Z"}
{"level":"info","message":"Queue initialized","timestamp":"2025-04-05T06:30:17.814Z"}
{"level":"info","message":"Scheduled jobs initialized","timestamp":"2025-04-05T06:30:17.817Z"}
{"level":"info","message":"File watcher initialized","timestamp":"2025-04-05T06:30:17.818Z"}
{"level":"info","message":"Mqtt configs : ","timestamp":"2025-04-05T06:30:17.819Z"}
{"level":"info","message":"Connect DB Success","timestamp":"2025-04-05T06:30:17.849Z"}
{"level":"info","message":"Server is running on port 3335","timestamp":"2025-04-05T06:30:17.853Z"}
{"level":"info","message":"✅ MQTT connected","timestamp":"2025-04-05T06:30:17.855Z"}
{"0":"device_send/+","level":"info","message":"✅ Subscribed to topics:","timestamp":"2025-04-05T06:30:17.867Z"}
{"level":"info","message":"📩 Received on [device_send/C4:D8:D5:96:4F:4C]: \u0004\u0002\u0002A\u0000b","timestamp":"2025-04-05T06:30:24.569Z"}
{"level":"info","message":"📩 Received on [device_send/C4:D8:D5:96:4F:4C]: \u0002\u0002\u0002A\u0000b","timestamp":"2025-04-05T06:45:52.999Z"}
{"level":"info","message":"📩 Received on [device_send/C4:D8:D5:96:4F:4C]: \u0003\u0002\u0002A\u0000b","timestamp":"2025-04-05T06:48:12.721Z"}
{"level":"info","message":"📩 Received on [device_send/C4:D8:D5:96:4F:4C]: \u0005\u0002\u0002A\u0000b","timestamp":"2025-04-05T06:48:22.302Z"}
{"level":"info","message":"Queue start","timestamp":"2025-04-05T07:07:33.822Z"}
{"level":"info","message":"Get data Iot","timestamp":"2025-04-05T07:07:33.824Z"}
{"level":"info","message":"Get data Iot CMD","timestamp":"2025-04-05T07:07:33.945Z"}
{"level":"info","message":"Get data Payload Type","timestamp":"2025-04-05T07:07:33.961Z"}
{"level":"info","message":"Queue initialized","timestamp":"2025-04-05T07:07:33.969Z"}
{"level":"info","message":"Scheduled jobs initialized","timestamp":"2025-04-05T07:07:33.972Z"}
{"level":"info","message":"File watcher initialized","timestamp":"2025-04-05T07:07:33.973Z"}
{"level":"info","message":"Mqtt configs : ","timestamp":"2025-04-05T07:07:33.974Z"}
{"level":"info","message":"✅ MQTT connected","timestamp":"2025-04-05T07:07:34.008Z"}
{"level":"info","message":"Connect DB Success","timestamp":"2025-04-05T07:07:34.018Z"}
{"level":"info","message":"Server is running on port 3335","timestamp":"2025-04-05T07:07:34.021Z"}
{"0":"device_send/+","level":"info","message":"✅ Subscribed to topics:","timestamp":"2025-04-05T07:07:34.022Z"}
{"level":"info","message":"Queue start","timestamp":"2025-04-05T07:07:45.626Z"}
{"level":"info","message":"Get data Iot","timestamp":"2025-04-05T07:07:45.628Z"}
{"level":"info","message":"Get data Iot CMD","timestamp":"2025-04-05T07:07:45.812Z"}
{"level":"info","message":"Get data Payload Type","timestamp":"2025-04-05T07:07:45.822Z"}
{"level":"info","message":"Queue initialized","timestamp":"2025-04-05T07:07:45.833Z"}
{"level":"info","message":"Scheduled jobs initialized","timestamp":"2025-04-05T07:07:45.837Z"}
{"level":"info","message":"File watcher initialized","timestamp":"2025-04-05T07:07:45.839Z"}
{"level":"info","message":"Mqtt configs : ","timestamp":"2025-04-05T07:07:45.839Z"}
{"level":"info","message":"Connect DB Success","timestamp":"2025-04-05T07:07:45.868Z"}
{"level":"info","message":"Server is running on port 3335","timestamp":"2025-04-05T07:07:45.869Z"}
{"level":"info","message":"✅ MQTT connected","timestamp":"2025-04-05T07:07:45.872Z"}
{"0":"device_send/+","level":"info","message":"✅ Subscribed to topics:","timestamp":"2025-04-05T07:07:45.884Z"}
{"level":"info","message":"Queue start","timestamp":"2025-04-05T07:07:59.666Z"}
{"level":"info","message":"Get data Iot","timestamp":"2025-04-05T07:07:59.668Z"}
{"level":"info","message":"Get data Iot CMD","timestamp":"2025-04-05T07:07:59.750Z"}
{"level":"info","message":"Get data Payload Type","timestamp":"2025-04-05T07:07:59.760Z"}
{"level":"info","message":"Queue initialized","timestamp":"2025-04-05T07:07:59.768Z"}
{"level":"info","message":"Scheduled jobs initialized","timestamp":"2025-04-05T07:07:59.772Z"}
{"level":"info","message":"File watcher initialized","timestamp":"2025-04-05T07:07:59.773Z"}
{"level":"info","message":"Mqtt configs : ","timestamp":"2025-04-05T07:07:59.775Z"}
{"level":"info","message":"Connect DB Success","timestamp":"2025-04-05T07:07:59.801Z"}
{"level":"info","message":"Server is running on port 3335","timestamp":"2025-04-05T07:07:59.802Z"}
{"level":"info","message":"✅ MQTT connected","timestamp":"2025-04-05T07:07:59.805Z"}
{"0":"device_send/+","level":"info","message":"✅ Subscribed to topics:","timestamp":"2025-04-05T07:07:59.815Z"}
{"level":"info","message":"Queue start","timestamp":"2025-04-05T07:08:01.922Z"}
{"level":"info","message":"Get data Iot","timestamp":"2025-04-05T07:08:01.923Z"}
{"level":"info","message":"Get data Iot CMD","timestamp":"2025-04-05T07:08:02.050Z"}
{"level":"info","message":"Get data Payload Type","timestamp":"2025-04-05T07:08:02.059Z"}
{"level":"info","message":"Queue initialized","timestamp":"2025-04-05T07:08:02.065Z"}
{"level":"info","message":"Scheduled jobs initialized","timestamp":"2025-04-05T07:08:02.067Z"}
{"level":"info","message":"File watcher initialized","timestamp":"2025-04-05T07:08:02.068Z"}
{"level":"info","message":"Mqtt configs : ","timestamp":"2025-04-05T07:08:02.069Z"}
{"level":"info","message":"✅ MQTT connected","timestamp":"2025-04-05T07:08:02.095Z"}
{"0":"device_send/+","level":"info","message":"✅ Subscribed to topics:","timestamp":"2025-04-05T07:08:02.104Z"}
{"level":"info","message":"Connect DB Success","timestamp":"2025-04-05T07:08:02.110Z"}
{"level":"info","message":"Server is running on port 3335","timestamp":"2025-04-05T07:08:02.112Z"}
{"level":"info","message":"Queue start","timestamp":"2025-04-05T07:08:40.832Z"}
{"level":"info","message":"Get data Iot","timestamp":"2025-04-05T07:08:40.834Z"}
{"level":"info","message":"Get data Iot CMD","timestamp":"2025-04-05T07:08:40.939Z"}
{"level":"info","message":"Get data Payload Type","timestamp":"2025-04-05T07:08:40.954Z"}
{"level":"info","message":"Queue initialized","timestamp":"2025-04-05T07:08:40.961Z"}
{"level":"info","message":"Scheduled jobs initialized","timestamp":"2025-04-05T07:08:40.965Z"}
{"level":"info","message":"File watcher initialized","timestamp":"2025-04-05T07:08:40.966Z"}
{"level":"info","message":"Mqtt configs : ","timestamp":"2025-04-05T07:08:40.966Z"}
{"level":"info","message":"✅ MQTT connected","timestamp":"2025-04-05T07:08:40.993Z"}
{"level":"info","message":"Connect DB Success","timestamp":"2025-04-05T07:08:41.003Z"}
{"level":"info","message":"Server is running on port 3335","timestamp":"2025-04-05T07:08:41.005Z"}
{"0":"device_send/+","level":"info","message":"✅ Subscribed to topics:","timestamp":"2025-04-05T07:08:41.009Z"}
{"level":"info","message":"Queue start","timestamp":"2025-04-05T07:08:52.136Z"}
{"level":"info","message":"Get data Iot","timestamp":"2025-04-05T07:08:52.138Z"}
{"level":"info","message":"Get data Iot CMD","timestamp":"2025-04-05T07:08:52.236Z"}
{"level":"info","message":"Get data Payload Type","timestamp":"2025-04-05T07:08:52.246Z"}
{"level":"info","message":"Queue initialized","timestamp":"2025-04-05T07:08:52.253Z"}
{"level":"info","message":"Scheduled jobs initialized","timestamp":"2025-04-05T07:08:52.256Z"}
{"level":"info","message":"File watcher initialized","timestamp":"2025-04-05T07:08:52.257Z"}
{"level":"info","message":"Mqtt configs : ","timestamp":"2025-04-05T07:08:52.257Z"}
{"level":"info","message":"✅ MQTT connected","timestamp":"2025-04-05T07:08:52.287Z"}
{"level":"info","message":"Connect DB Success","timestamp":"2025-04-05T07:08:52.295Z"}
{"level":"info","message":"Server is running on port 3335","timestamp":"2025-04-05T07:08:52.297Z"}
{"0":"device_send/+","level":"info","message":"✅ Subscribed to topics:","timestamp":"2025-04-05T07:08:52.298Z"}
{"level":"info","message":"Queue start","timestamp":"2025-04-05T07:09:56.110Z"}
{"level":"info","message":"Get data Iot","timestamp":"2025-04-05T07:09:56.111Z"}
{"level":"info","message":"Get data Iot CMD","timestamp":"2025-04-05T07:09:56.191Z"}
{"level":"info","message":"Get data Payload Type","timestamp":"2025-04-05T07:09:56.207Z"}
{"level":"info","message":"Queue initialized","timestamp":"2025-04-05T07:09:56.218Z"}
{"level":"info","message":"Scheduled jobs initialized","timestamp":"2025-04-05T07:09:56.220Z"}
{"level":"info","message":"File watcher initialized","timestamp":"2025-04-05T07:09:56.221Z"}
{"level":"info","message":"Mqtt configs : ","timestamp":"2025-04-05T07:09:56.221Z"}
{"level":"info","message":"Connect DB Success","timestamp":"2025-04-05T07:09:56.256Z"}
{"level":"info","message":"Server is running on port 3335","timestamp":"2025-04-05T07:09:56.258Z"}
{"level":"info","message":"✅ MQTT connected","timestamp":"2025-04-05T07:09:56.261Z"}
{"0":"device_send/+","level":"info","message":"✅ Subscribed to topics:","timestamp":"2025-04-05T07:09:56.269Z"}
{"level":"info","message":"Queue start","timestamp":"2025-04-05T07:10:08.174Z"}
{"level":"info","message":"Get data Iot","timestamp":"2025-04-05T07:10:08.176Z"}
{"level":"info","message":"Get data Iot CMD","timestamp":"2025-04-05T07:10:08.253Z"}
{"level":"info","message":"Get data Payload Type","timestamp":"2025-04-05T07:10:08.261Z"}
{"level":"info","message":"Queue initialized","timestamp":"2025-04-05T07:10:08.267Z"}
{"level":"info","message":"Scheduled jobs initialized","timestamp":"2025-04-05T07:10:08.270Z"}
{"level":"info","message":"File watcher initialized","timestamp":"2025-04-05T07:10:08.271Z"}
{"level":"info","message":"Mqtt configs : ","timestamp":"2025-04-05T07:10:08.272Z"}
{"level":"info","message":"Connect DB Success","timestamp":"2025-04-05T07:10:08.301Z"}
{"level":"info","message":"Server is running on port 3335","timestamp":"2025-04-05T07:10:08.303Z"}
{"level":"info","message":"✅ MQTT connected","timestamp":"2025-04-05T07:10:08.306Z"}
{"0":"device_send/+","level":"info","message":"✅ Subscribed to topics:","timestamp":"2025-04-05T07:10:08.314Z"}
{"level":"info","message":"Queue start","timestamp":"2025-04-05T07:16:10.184Z"}
{"level":"info","message":"Get data Iot","timestamp":"2025-04-05T07:16:10.187Z"}
{"level":"info","message":"Get data Iot CMD","timestamp":"2025-04-05T07:16:10.283Z"}
{"level":"info","message":"Get data Payload Type","timestamp":"2025-04-05T07:16:10.296Z"}
{"level":"info","message":"Queue initialized","timestamp":"2025-04-05T07:16:10.303Z"}
{"level":"info","message":"Scheduled jobs initialized","timestamp":"2025-04-05T07:16:10.305Z"}
{"level":"info","message":"File watcher initialized","timestamp":"2025-04-05T07:16:10.306Z"}
{"level":"info","message":"Mqtt configs : ","timestamp":"2025-04-05T07:16:10.306Z"}
{"level":"info","message":"Connect DB Success","timestamp":"2025-04-05T07:16:10.344Z"}
{"level":"info","message":"Server is running on port 3335","timestamp":"2025-04-05T07:16:10.346Z"}
{"level":"info","message":"✅ MQTT connected","timestamp":"2025-04-05T07:16:10.349Z"}
{"0":"device_send/+","level":"info","message":"✅ Subscribed to topics:","timestamp":"2025-04-05T07:16:10.358Z"}
{"level":"info","message":"Queue start","timestamp":"2025-04-05T07:16:24.393Z"}
{"level":"info","message":"Get data Iot","timestamp":"2025-04-05T07:16:24.395Z"}
{"level":"info","message":"Get data Iot CMD","timestamp":"2025-04-05T07:16:24.501Z"}
{"level":"info","message":"Get data Payload Type","timestamp":"2025-04-05T07:16:24.512Z"}
{"level":"info","message":"Queue initialized","timestamp":"2025-04-05T07:16:24.517Z"}
{"level":"info","message":"Scheduled jobs initialized","timestamp":"2025-04-05T07:16:24.520Z"}
{"level":"info","message":"File watcher initialized","timestamp":"2025-04-05T07:16:24.521Z"}
{"level":"info","message":"Mqtt configs : ","timestamp":"2025-04-05T07:16:24.521Z"}
{"level":"info","message":"Connect DB Success","timestamp":"2025-04-05T07:16:24.548Z"}
{"level":"info","message":"Server is running on port 3335","timestamp":"2025-04-05T07:16:24.549Z"}
{"level":"info","message":"✅ MQTT connected","timestamp":"2025-04-05T07:16:24.552Z"}
{"0":"device_send/+","level":"info","message":"✅ Subscribed to topics:","timestamp":"2025-04-05T07:16:24.560Z"}
{"level":"info","message":"Queue start","timestamp":"2025-04-05T07:32:33.767Z"}
{"level":"info","message":"Get data Iot","timestamp":"2025-04-05T07:32:33.769Z"}
{"level":"info","message":"Get data Iot CMD","timestamp":"2025-04-05T07:32:33.850Z"}
{"level":"info","message":"Get data Payload Type","timestamp":"2025-04-05T07:32:33.863Z"}
{"level":"info","message":"Queue initialized","timestamp":"2025-04-05T07:32:33.868Z"}
{"level":"info","message":"Scheduled jobs initialized","timestamp":"2025-04-05T07:32:33.872Z"}
{"level":"info","message":"File watcher initialized","timestamp":"2025-04-05T07:32:33.873Z"}
{"level":"info","message":"Mqtt configs : ","timestamp":"2025-04-05T07:32:33.873Z"}
{"level":"info","message":"Connect DB Success","timestamp":"2025-04-05T07:32:33.897Z"}
{"level":"info","message":"Server is running on port 3335","timestamp":"2025-04-05T07:32:33.899Z"}
{"level":"info","message":"✅ MQTT connected","timestamp":"2025-04-05T07:32:33.901Z"}
{"0":"device_send/+","level":"info","message":"✅ Subscribed to topics:","timestamp":"2025-04-05T07:32:33.909Z"}
{"level":"info","message":"Queue start","timestamp":"2025-04-05T07:34:42.169Z"}
{"level":"info","message":"Get data Iot","timestamp":"2025-04-05T07:34:42.171Z"}
{"level":"info","message":"Queue initialized","timestamp":"2025-04-05T07:34:42.256Z"}
{"level":"info","message":"Scheduled jobs initialized","timestamp":"2025-04-05T07:34:42.259Z"}
{"level":"info","message":"File watcher initialized","timestamp":"2025-04-05T07:34:42.261Z"}
{"level":"info","message":"Mqtt configs : ","timestamp":"2025-04-05T07:34:42.261Z"}
{"level":"info","message":"✅ MQTT connected","timestamp":"2025-04-05T07:34:42.289Z"}
{"level":"info","message":"Connect DB Success","timestamp":"2025-04-05T07:34:42.298Z"}
{"level":"info","message":"Server is running on port 3335","timestamp":"2025-04-05T07:34:42.300Z"}
{"0":"device_send/+","level":"info","message":"✅ Subscribed to topics:","timestamp":"2025-04-05T07:34:42.301Z"}
{"level":"info","message":"Queue start","timestamp":"2025-04-05T07:34:50.746Z"}
{"level":"info","message":"Get data Iot","timestamp":"2025-04-05T07:34:50.748Z"}
{"level":"info","message":"Queue initialized","timestamp":"2025-04-05T07:34:50.814Z"}
{"level":"info","message":"Scheduled jobs initialized","timestamp":"2025-04-05T07:34:50.817Z"}
{"level":"info","message":"File watcher initialized","timestamp":"2025-04-05T07:34:50.819Z"}
{"level":"info","message":"Mqtt configs : ","timestamp":"2025-04-05T07:34:50.820Z"}
{"level":"info","message":"Connect DB Success","timestamp":"2025-04-05T07:34:50.853Z"}
{"level":"info","message":"Server is running on port 3335","timestamp":"2025-04-05T07:34:50.854Z"}
{"level":"info","message":"✅ MQTT connected","timestamp":"2025-04-05T07:34:50.857Z"}
{"0":"device_send/+","level":"info","message":"✅ Subscribed to topics:","timestamp":"2025-04-05T07:34:50.865Z"}
{"level":"info","message":"Queue start","timestamp":"2025-04-05T07:35:24.683Z"}
{"level":"info","message":"Get data Iot","timestamp":"2025-04-05T07:35:24.685Z"}
{"level":"info","message":"Queue initialized","timestamp":"2025-04-05T07:35:24.768Z"}
{"level":"info","message":"Scheduled jobs initialized","timestamp":"2025-04-05T07:35:24.771Z"}
{"level":"info","message":"File watcher initialized","timestamp":"2025-04-05T07:35:24.772Z"}
{"level":"info","message":"Mqtt configs : ","timestamp":"2025-04-05T07:35:24.772Z"}
{"level":"info","message":"Connect DB Success","timestamp":"2025-04-05T07:35:24.798Z"}
{"level":"info","message":"Server is running on port 3335","timestamp":"2025-04-05T07:35:24.800Z"}
{"level":"info","message":"✅ MQTT connected","timestamp":"2025-04-05T07:35:24.803Z"}
{"0":"device_send/+","level":"info","message":"✅ Subscribed to topics:","timestamp":"2025-04-05T07:35:24.816Z"}
{"level":"info","message":"Queue start","timestamp":"2025-04-05T07:35:50.068Z"}
{"level":"info","message":"Get data Iot","timestamp":"2025-04-05T07:35:50.069Z"}
{"level":"info","message":"Queue initialized","timestamp":"2025-04-05T07:35:50.158Z"}
{"level":"info","message":"Scheduled jobs initialized","timestamp":"2025-04-05T07:35:50.161Z"}
{"level":"info","message":"File watcher initialized","timestamp":"2025-04-05T07:35:50.162Z"}
{"level":"info","message":"Mqtt configs : ","timestamp":"2025-04-05T07:35:50.162Z"}
{"level":"info","message":"Connect DB Success","timestamp":"2025-04-05T07:35:50.188Z"}
{"level":"info","message":"Server is running on port 3335","timestamp":"2025-04-05T07:35:50.190Z"}
{"level":"info","message":"✅ MQTT connected","timestamp":"2025-04-05T07:35:50.193Z"}
{"0":"device_send/+","level":"info","message":"✅ Subscribed to topics:","timestamp":"2025-04-05T07:35:50.201Z"}
{"level":"info","message":"Queue start","timestamp":"2025-04-05T07:36:56.732Z"}
{"level":"info","message":"Get data Iot","timestamp":"2025-04-05T07:36:56.733Z"}
{"level":"info","message":"Queue initialized","timestamp":"2025-04-05T07:36:56.820Z"}
{"level":"info","message":"Scheduled jobs initialized","timestamp":"2025-04-05T07:36:56.824Z"}
{"level":"info","message":"File watcher initialized","timestamp":"2025-04-05T07:36:56.825Z"}
{"level":"info","message":"Mqtt configs : ","timestamp":"2025-04-05T07:36:56.825Z"}
{"level":"info","message":"✅ MQTT connected","timestamp":"2025-04-05T07:36:56.853Z"}
{"level":"info","message":"Connect DB Success","timestamp":"2025-04-05T07:36:56.862Z"}
{"level":"info","message":"Server is running on port 3335","timestamp":"2025-04-05T07:36:56.864Z"}
{"0":"device_send/+","level":"info","message":"✅ Subscribed to topics:","timestamp":"2025-04-05T07:36:56.866Z"}
{"level":"info","message":"Queue start","timestamp":"2025-04-05T07:36:57.952Z"}
{"level":"info","message":"Get data Iot","timestamp":"2025-04-05T07:36:57.954Z"}
{"level":"info","message":"Queue initialized","timestamp":"2025-04-05T07:36:58.045Z"}
{"level":"info","message":"Scheduled jobs initialized","timestamp":"2025-04-05T07:36:58.048Z"}
{"level":"info","message":"File watcher initialized","timestamp":"2025-04-05T07:36:58.049Z"}
{"level":"info","message":"Mqtt configs : ","timestamp":"2025-04-05T07:36:58.049Z"}
{"level":"info","message":"✅ MQTT connected","timestamp":"2025-04-05T07:36:58.076Z"}
{"0":"device_send/+","level":"info","message":"✅ Subscribed to topics:","timestamp":"2025-04-05T07:36:58.084Z"}
{"level":"info","message":"Connect DB Success","timestamp":"2025-04-05T07:36:58.089Z"}
{"level":"info","message":"Server is running on port 3335","timestamp":"2025-04-05T07:36:58.090Z"}
{"level":"info","message":"Queue start","timestamp":"2025-04-05T07:37:12.408Z"}
{"level":"info","message":"Get data Iot","timestamp":"2025-04-05T07:37:12.410Z"}
{"level":"info","message":"Queue initialized","timestamp":"2025-04-05T07:37:12.499Z"}
{"level":"info","message":"Scheduled jobs initialized","timestamp":"2025-04-05T07:37:12.506Z"}
{"level":"info","message":"File watcher initialized","timestamp":"2025-04-05T07:37:12.507Z"}
{"level":"info","message":"Mqtt configs : ","timestamp":"2025-04-05T07:37:12.508Z"}
{"level":"info","message":"✅ MQTT connected","timestamp":"2025-04-05T07:37:12.540Z"}
{"level":"info","message":"Connect DB Success","timestamp":"2025-04-05T07:37:12.547Z"}
{"level":"info","message":"Server is running on port 3335","timestamp":"2025-04-05T07:37:12.549Z"}
{"0":"device_send/+","level":"info","message":"✅ Subscribed to topics:","timestamp":"2025-04-05T07:37:12.551Z"}
{"level":"info","message":"Queue start","timestamp":"2025-04-05T07:37:34.342Z"}
{"level":"info","message":"Get data Iot","timestamp":"2025-04-05T07:37:34.344Z"}
{"level":"info","message":"Queue initialized","timestamp":"2025-04-05T07:37:34.434Z"}
{"level":"info","message":"Scheduled jobs initialized","timestamp":"2025-04-05T07:37:34.436Z"}
{"level":"info","message":"File watcher initialized","timestamp":"2025-04-05T07:37:34.438Z"}
{"level":"info","message":"Mqtt configs : ","timestamp":"2025-04-05T07:37:34.438Z"}
{"level":"info","message":"✅ MQTT connected","timestamp":"2025-04-05T07:37:34.466Z"}
{"level":"info","message":"Connect DB Success","timestamp":"2025-04-05T07:37:34.473Z"}
{"level":"info","message":"Server is running on port 3335","timestamp":"2025-04-05T07:37:34.475Z"}
{"0":"device_send/+","level":"info","message":"✅ Subscribed to topics:","timestamp":"2025-04-05T07:37:34.476Z"}
{"level":"info","message":"Queue start","timestamp":"2025-04-05T07:37:45.148Z"}
{"level":"info","message":"Get data Iot","timestamp":"2025-04-05T07:37:45.151Z"}
{"level":"info","message":"Queue initialized","timestamp":"2025-04-05T07:37:45.239Z"}
{"level":"info","message":"Scheduled jobs initialized","timestamp":"2025-04-05T07:37:45.242Z"}
{"level":"info","message":"File watcher initialized","timestamp":"2025-04-05T07:37:45.243Z"}
{"level":"info","message":"Mqtt configs : ","timestamp":"2025-04-05T07:37:45.244Z"}
{"level":"info","message":"✅ MQTT connected","timestamp":"2025-04-05T07:37:45.273Z"}
{"level":"info","message":"Connect DB Success","timestamp":"2025-04-05T07:37:45.281Z"}
{"level":"info","message":"Server is running on port 3335","timestamp":"2025-04-05T07:37:45.282Z"}
{"0":"device_send/+","level":"info","message":"✅ Subscribed to topics:","timestamp":"2025-04-05T07:37:45.284Z"}
{"level":"info","message":"Queue start","timestamp":"2025-04-05T07:40:12.179Z"}
{"level":"info","message":"Get data Iot","timestamp":"2025-04-05T07:40:12.185Z"}
{"level":"info","message":"Queue initialized","timestamp":"2025-04-05T07:40:12.266Z"}
{"level":"info","message":"Scheduled jobs initialized","timestamp":"2025-04-05T07:40:12.270Z"}
{"level":"info","message":"File watcher initialized","timestamp":"2025-04-05T07:40:12.271Z"}
{"level":"info","message":"Mqtt configs : ","timestamp":"2025-04-05T07:40:12.272Z"}
{"level":"info","message":"✅ MQTT connected","timestamp":"2025-04-05T07:40:12.297Z"}
{"level":"info","message":"Connect DB Success","timestamp":"2025-04-05T07:40:12.305Z"}
{"level":"info","message":"Server is running on port 3335","timestamp":"2025-04-05T07:40:12.307Z"}
{"0":"device_send/+","level":"info","message":"✅ Subscribed to topics:","timestamp":"2025-04-05T07:40:12.308Z"}
{"level":"info","message":"Queue start","timestamp":"2025-04-05T07:41:04.993Z"}
{"level":"info","message":"Get data Iot","timestamp":"2025-04-05T07:41:04.995Z"}
{"level":"info","message":"Queue initialized","timestamp":"2025-04-05T07:41:05.236Z"}
{"level":"info","message":"Scheduled jobs initialized","timestamp":"2025-04-05T07:41:05.239Z"}
{"level":"info","message":"File watcher initialized","timestamp":"2025-04-05T07:41:05.240Z"}
{"level":"info","message":"Mqtt configs : ","timestamp":"2025-04-05T07:41:05.241Z"}
{"level":"info","message":"✅ MQTT connected","timestamp":"2025-04-05T07:41:05.269Z"}
{"level":"info","message":"Connect DB Success","timestamp":"2025-04-05T07:41:05.277Z"}
{"level":"info","message":"Server is running on port 3335","timestamp":"2025-04-05T07:41:05.278Z"}
{"0":"device_send/+","level":"info","message":"✅ Subscribed to topics:","timestamp":"2025-04-05T07:41:05.279Z"}
{"level":"info","message":"Queue start","timestamp":"2025-04-05T07:41:14.179Z"}
{"level":"info","message":"Get data Iot","timestamp":"2025-04-05T07:41:14.181Z"}
{"level":"error","message":"❌ Server startup failed: myCache is not defined","stack":"ReferenceError: myCache is not defined\n    at C:\\STI\\IOT-Project\\IOT-GATEWAY\\BackendTs\\src\\queue\\index.ts:20:23\n    at Generator.next (<anonymous>)\n    at fulfilled (C:\\STI\\IOT-Project\\IOT-GATEWAY\\BackendTs\\src\\queue\\index.ts:5:58)\n    at processTicksAndRejections (node:internal/process/task_queues:105:5)","timestamp":"2025-04-05T07:41:14.319Z"}
{"level":"info","message":"Queue start","timestamp":"2025-04-05T07:41:21.675Z"}
{"level":"info","message":"Get data Iot","timestamp":"2025-04-05T07:41:21.677Z"}
{"level":"info","message":"Queue initialized","timestamp":"2025-04-05T07:41:21.768Z"}
{"level":"info","message":"Scheduled jobs initialized","timestamp":"2025-04-05T07:41:21.774Z"}
{"level":"info","message":"File watcher initialized","timestamp":"2025-04-05T07:41:21.777Z"}
{"level":"info","message":"Mqtt configs : ","timestamp":"2025-04-05T07:41:21.778Z"}
{"level":"info","message":"✅ MQTT connected","timestamp":"2025-04-05T07:41:21.811Z"}
{"level":"info","message":"Connect DB Success","timestamp":"2025-04-05T07:41:21.820Z"}
{"level":"info","message":"Server is running on port 3335","timestamp":"2025-04-05T07:41:21.821Z"}
{"0":"device_send/+","level":"info","message":"✅ Subscribed to topics:","timestamp":"2025-04-05T07:41:21.823Z"}
{"level":"info","message":"Queue start","timestamp":"2025-04-05T07:41:26.940Z"}
{"level":"info","message":"Get data Iot","timestamp":"2025-04-05T07:41:26.941Z"}
{"level":"info","message":"Queue initialized","timestamp":"2025-04-05T07:41:27.068Z"}
{"level":"info","message":"Scheduled jobs initialized","timestamp":"2025-04-05T07:41:27.071Z"}
{"level":"info","message":"File watcher initialized","timestamp":"2025-04-05T07:41:27.072Z"}
{"level":"info","message":"Mqtt configs : ","timestamp":"2025-04-05T07:41:27.073Z"}
{"level":"info","message":"✅ MQTT connected","timestamp":"2025-04-05T07:41:27.108Z"}
{"level":"info","message":"Connect DB Success","timestamp":"2025-04-05T07:41:27.118Z"}
{"level":"info","message":"Server is running on port 3335","timestamp":"2025-04-05T07:41:27.120Z"}
{"0":"device_send/+","level":"info","message":"✅ Subscribed to topics:","timestamp":"2025-04-05T07:41:27.121Z"}
{"level":"info","message":"Queue start","timestamp":"2025-04-05T07:41:41.330Z"}
{"level":"info","message":"Get data Iot","timestamp":"2025-04-05T07:41:41.332Z"}
{"level":"info","message":"Queue initialized","timestamp":"2025-04-05T07:41:41.406Z"}
{"level":"info","message":"Scheduled jobs initialized","timestamp":"2025-04-05T07:41:41.410Z"}
{"level":"info","message":"File watcher initialized","timestamp":"2025-04-05T07:41:41.411Z"}
{"level":"info","message":"Mqtt configs : ","timestamp":"2025-04-05T07:41:41.412Z"}
{"level":"info","message":"✅ MQTT connected","timestamp":"2025-04-05T07:41:41.448Z"}
{"level":"info","message":"Connect DB Success","timestamp":"2025-04-05T07:41:41.458Z"}
{"level":"info","message":"Server is running on port 3335","timestamp":"2025-04-05T07:41:41.461Z"}
{"0":"device_send/+","level":"info","message":"✅ Subscribed to topics:","timestamp":"2025-04-05T07:41:41.463Z"}
{"level":"info","message":"Queue start","timestamp":"2025-04-05T07:42:19.547Z"}
{"level":"info","message":"Get data Iot","timestamp":"2025-04-05T07:42:19.548Z"}
{"level":"info","message":"Queue initialized","timestamp":"2025-04-05T07:42:19.624Z"}
{"level":"info","message":"Scheduled jobs initialized","timestamp":"2025-04-05T07:42:19.626Z"}
{"level":"info","message":"File watcher initialized","timestamp":"2025-04-05T07:42:19.627Z"}
{"level":"info","message":"Mqtt configs : ","timestamp":"2025-04-05T07:42:19.628Z"}
{"level":"info","message":"✅ MQTT connected","timestamp":"2025-04-05T07:42:19.654Z"}
{"level":"info","message":"Connect DB Success","timestamp":"2025-04-05T07:42:19.662Z"}
{"level":"info","message":"Server is running on port 3335","timestamp":"2025-04-05T07:42:19.664Z"}
{"0":"device_send/+","level":"info","message":"✅ Subscribed to topics:","timestamp":"2025-04-05T07:42:19.665Z"}
{"level":"info","message":"Queue start","timestamp":"2025-04-05T07:42:31.683Z"}
{"level":"info","message":"Get data Iot","timestamp":"2025-04-05T07:42:31.685Z"}
{"level":"info","message":"Queue initialized","timestamp":"2025-04-05T07:42:31.767Z"}
{"level":"info","message":"Scheduled jobs initialized","timestamp":"2025-04-05T07:42:31.770Z"}
{"level":"info","message":"File watcher initialized","timestamp":"2025-04-05T07:42:31.771Z"}
{"level":"info","message":"Mqtt configs : ","timestamp":"2025-04-05T07:42:31.771Z"}
{"level":"info","message":"✅ MQTT connected","timestamp":"2025-04-05T07:42:31.799Z"}
{"level":"info","message":"Connect DB Success","timestamp":"2025-04-05T07:42:31.808Z"}
{"level":"info","message":"Server is running on port 3335","timestamp":"2025-04-05T07:42:31.810Z"}
{"0":"device_send/+","level":"info","message":"✅ Subscribed to topics:","timestamp":"2025-04-05T07:42:31.811Z"}
{"level":"info","message":"Queue start","timestamp":"2025-04-05T07:42:45.184Z"}
{"level":"info","message":"Get data Iot","timestamp":"2025-04-05T07:42:45.186Z"}
{"level":"info","message":"Queue initialized","timestamp":"2025-04-05T07:42:45.271Z"}
{"level":"info","message":"Scheduled jobs initialized","timestamp":"2025-04-05T07:42:45.277Z"}
{"level":"info","message":"File watcher initialized","timestamp":"2025-04-05T07:42:45.279Z"}
{"level":"info","message":"Mqtt configs : ","timestamp":"2025-04-05T07:42:45.280Z"}
{"level":"info","message":"✅ MQTT connected","timestamp":"2025-04-05T07:42:45.329Z"}
{"level":"info","message":"Connect DB Success","timestamp":"2025-04-05T07:42:45.337Z"}
{"level":"info","message":"Server is running on port 3335","timestamp":"2025-04-05T07:42:45.340Z"}
{"0":"device_send/+","level":"info","message":"✅ Subscribed to topics:","timestamp":"2025-04-05T07:42:45.342Z"}
{"level":"info","message":"Queue start","timestamp":"2025-04-05T07:43:27.027Z"}
{"level":"info","message":"Get data Iot","timestamp":"2025-04-05T07:43:27.029Z"}
{"level":"info","message":"Queue initialized","timestamp":"2025-04-05T07:43:27.151Z"}
{"level":"info","message":"Scheduled jobs initialized","timestamp":"2025-04-05T07:43:27.157Z"}
{"level":"info","message":"File watcher initialized","timestamp":"2025-04-05T07:43:27.159Z"}
{"level":"info","message":"Mqtt configs : ","timestamp":"2025-04-05T07:43:27.160Z"}
{"level":"info","message":"✅ MQTT connected","timestamp":"2025-04-05T07:43:27.207Z"}
{"level":"info","message":"Connect DB Success","timestamp":"2025-04-05T07:43:27.217Z"}
{"level":"info","message":"Server is running on port 3335","timestamp":"2025-04-05T07:43:27.219Z"}
{"0":"device_send/+","level":"info","message":"✅ Subscribed to topics:","timestamp":"2025-04-05T07:43:27.221Z"}
{"level":"info","message":"Queue start","timestamp":"2025-04-05T07:43:35.892Z"}
{"level":"info","message":"Get data Iot","timestamp":"2025-04-05T07:43:35.894Z"}
{"level":"info","message":"Queue initialized","timestamp":"2025-04-05T07:43:35.973Z"}
{"level":"info","message":"Scheduled jobs initialized","timestamp":"2025-04-05T07:43:35.975Z"}
{"level":"info","message":"File watcher initialized","timestamp":"2025-04-05T07:43:35.976Z"}
{"level":"info","message":"Mqtt configs : ","timestamp":"2025-04-05T07:43:35.977Z"}
{"level":"info","message":"Connect DB Success","timestamp":"2025-04-05T07:43:36.002Z"}
{"level":"info","message":"Server is running on port 3335","timestamp":"2025-04-05T07:43:36.003Z"}
{"level":"info","message":"✅ MQTT connected","timestamp":"2025-04-05T07:43:36.006Z"}
{"0":"device_send/+","level":"info","message":"✅ Subscribed to topics:","timestamp":"2025-04-05T07:43:36.014Z"}
{"level":"info","message":"Queue start","timestamp":"2025-04-05T07:46:16.936Z"}
{"level":"info","message":"Get data Iot","timestamp":"2025-04-05T07:46:16.938Z"}
{"level":"info","message":"Queue initialized","timestamp":"2025-04-05T07:46:17.030Z"}
{"level":"info","message":"Scheduled jobs initialized","timestamp":"2025-04-05T07:46:17.033Z"}
{"level":"info","message":"File watcher initialized","timestamp":"2025-04-05T07:46:17.034Z"}
{"level":"info","message":"Mqtt configs : ","timestamp":"2025-04-05T07:46:17.035Z"}
{"level":"info","message":"✅ MQTT connected","timestamp":"2025-04-05T07:46:17.063Z"}
{"level":"info","message":"Connect DB Success","timestamp":"2025-04-05T07:46:17.071Z"}
{"level":"info","message":"Server is running on port 3335","timestamp":"2025-04-05T07:46:17.072Z"}
{"0":"device_send/+","level":"info","message":"✅ Subscribed to topics:","timestamp":"2025-04-05T07:46:17.074Z"}
{"level":"info","message":"Queue start","timestamp":"2025-04-05T08:31:19.267Z"}
{"level":"info","message":"Get data Iot","timestamp":"2025-04-05T08:31:19.268Z"}
{"level":"info","message":"Queue initialized","timestamp":"2025-04-05T08:31:19.352Z"}
{"level":"info","message":"Scheduled jobs initialized","timestamp":"2025-04-05T08:31:19.355Z"}
{"level":"info","message":"File watcher initialized","timestamp":"2025-04-05T08:31:19.355Z"}
{"level":"info","message":"Mqtt configs : ","timestamp":"2025-04-05T08:31:19.356Z"}
{"level":"info","message":"✅ MQTT connected","timestamp":"2025-04-05T08:31:19.384Z"}
{"level":"info","message":"Connect DB Success","timestamp":"2025-04-05T08:31:19.391Z"}
{"level":"info","message":"Server is running on port 3335","timestamp":"2025-04-05T08:31:19.393Z"}
{"0":"device_send/+","level":"info","message":"✅ Subscribed to topics:","timestamp":"2025-04-05T08:31:19.394Z"}
{"level":"info","message":"Queue start","timestamp":"2025-04-05T08:32:20.284Z"}
{"level":"info","message":"Get data Iot","timestamp":"2025-04-05T08:32:20.286Z"}
{"level":"info","message":"Queue initialized","timestamp":"2025-04-05T08:32:20.361Z"}
{"level":"info","message":"Scheduled jobs initialized","timestamp":"2025-04-05T08:32:20.366Z"}
{"level":"info","message":"File watcher initialized","timestamp":"2025-04-05T08:32:20.368Z"}
{"level":"info","message":"Mqtt configs : ","timestamp":"2025-04-05T08:32:20.369Z"}
{"level":"info","message":"Connect DB Success","timestamp":"2025-04-05T08:32:20.397Z"}
{"level":"info","message":"Server is running on port 3335","timestamp":"2025-04-05T08:32:20.398Z"}
{"level":"info","message":"✅ MQTT connected","timestamp":"2025-04-05T08:32:20.401Z"}
{"0":"device_send/+","level":"info","message":"✅ Subscribed to topics:","timestamp":"2025-04-05T08:32:20.413Z"}
{"level":"info","message":"Queue start","timestamp":"2025-04-05T08:33:59.532Z"}
{"level":"info","message":"Get data Iot","timestamp":"2025-04-05T08:33:59.534Z"}
{"level":"info","message":"Queue initialized","timestamp":"2025-04-05T08:33:59.614Z"}
{"level":"info","message":"Scheduled jobs initialized","timestamp":"2025-04-05T08:33:59.619Z"}
{"level":"info","message":"File watcher initialized","timestamp":"2025-04-05T08:33:59.620Z"}
{"level":"info","message":"Mqtt configs : ","timestamp":"2025-04-05T08:33:59.621Z"}
{"level":"info","message":"Connect DB Success","timestamp":"2025-04-05T08:33:59.649Z"}
{"level":"info","message":"Server is running on port 3335","timestamp":"2025-04-05T08:33:59.650Z"}
{"level":"info","message":"✅ MQTT connected","timestamp":"2025-04-05T08:33:59.653Z"}
{"0":"device_send/+","level":"info","message":"✅ Subscribed to topics:","timestamp":"2025-04-05T08:33:59.669Z"}
{"level":"info","message":"Queue start","timestamp":"2025-04-05T08:36:58.223Z"}
{"level":"info","message":"Get data Iot","timestamp":"2025-04-05T08:36:58.225Z"}
{"level":"info","message":"Queue initialized","timestamp":"2025-04-05T08:36:58.379Z"}
{"level":"info","message":"Scheduled jobs initialized","timestamp":"2025-04-05T08:36:58.387Z"}
{"level":"info","message":"File watcher initialized","timestamp":"2025-04-05T08:36:58.389Z"}
{"level":"info","message":"Mqtt configs : ","timestamp":"2025-04-05T08:36:58.390Z"}
{"level":"info","message":"Connect DB Success","timestamp":"2025-04-05T08:36:58.436Z"}
{"level":"info","message":"Server is running on port 3335","timestamp":"2025-04-05T08:36:58.439Z"}
{"level":"info","message":"✅ MQTT connected","timestamp":"2025-04-05T08:36:58.444Z"}
{"0":"device_send/+","level":"info","message":"✅ Subscribed to topics:","timestamp":"2025-04-05T08:36:58.455Z"}
{"level":"info","message":"Queue start","timestamp":"2025-04-05T08:40:29.849Z"}
{"level":"info","message":"Get data Iot","timestamp":"2025-04-05T08:40:29.850Z"}
{"level":"info","message":"Queue initialized","timestamp":"2025-04-05T08:40:30.023Z"}
{"level":"info","message":"Scheduled jobs initialized","timestamp":"2025-04-05T08:40:30.026Z"}
{"level":"info","message":"File watcher initialized","timestamp":"2025-04-05T08:40:30.027Z"}
{"level":"info","message":"Mqtt configs : ","timestamp":"2025-04-05T08:40:30.028Z"}
{"level":"info","message":"✅ MQTT connected","timestamp":"2025-04-05T08:40:30.061Z"}
{"0":"device_send/+","level":"info","message":"✅ Subscribed to topics:","timestamp":"2025-04-05T08:40:30.071Z"}
{"level":"info","message":"Connect DB Success","timestamp":"2025-04-05T08:40:30.098Z"}
{"level":"info","message":"Server is running on port 3335","timestamp":"2025-04-05T08:40:30.100Z"}
{"level":"info","message":"Queue start","timestamp":"2025-04-05T08:41:08.317Z"}
{"level":"info","message":"Get data Iot","timestamp":"2025-04-05T08:41:08.319Z"}
{"level":"info","message":"Queue initialized","timestamp":"2025-04-05T08:41:08.624Z"}
{"level":"info","message":"Scheduled jobs initialized","timestamp":"2025-04-05T08:41:08.628Z"}
{"level":"info","message":"File watcher initialized","timestamp":"2025-04-05T08:41:08.629Z"}
{"level":"info","message":"Mqtt configs : ","timestamp":"2025-04-05T08:41:08.629Z"}
{"level":"info","message":"✅ MQTT connected","timestamp":"2025-04-05T08:41:08.666Z"}
{"level":"info","message":"Connect DB Success","timestamp":"2025-04-05T08:41:08.675Z"}
{"level":"info","message":"Server is running on port 3335","timestamp":"2025-04-05T08:41:08.677Z"}
{"0":"device_send/+","level":"info","message":"✅ Subscribed to topics:","timestamp":"2025-04-05T08:41:08.678Z"}
{"level":"info","message":"Queue start","timestamp":"2025-04-05T08:47:45.528Z"}
{"level":"info","message":"Get data Iot","timestamp":"2025-04-05T08:47:45.530Z"}
{"level":"info","message":"Queue initialized","timestamp":"2025-04-05T08:47:45.622Z"}
{"level":"info","message":"Scheduled jobs initialized","timestamp":"2025-04-05T08:47:45.626Z"}
{"level":"info","message":"File watcher initialized","timestamp":"2025-04-05T08:47:45.627Z"}
{"level":"info","message":"Mqtt configs : ","timestamp":"2025-04-05T08:47:45.628Z"}
{"level":"info","message":"✅ MQTT connected","timestamp":"2025-04-05T08:47:45.660Z"}
{"level":"info","message":"Connect DB Success","timestamp":"2025-04-05T08:47:45.669Z"}
{"level":"info","message":"Server is running on port 3335","timestamp":"2025-04-05T08:47:45.671Z"}
{"0":"device_send/+","level":"info","message":"✅ Subscribed to topics:","timestamp":"2025-04-05T08:47:45.672Z"}
{"level":"info","message":"Queue start","timestamp":"2025-04-05T08:49:03.541Z"}
{"level":"info","message":"Get data Iot","timestamp":"2025-04-05T08:49:03.543Z"}
{"level":"info","message":"Queue initialized","timestamp":"2025-04-05T08:49:03.626Z"}
{"level":"info","message":"Scheduled jobs initialized","timestamp":"2025-04-05T08:49:03.629Z"}
{"level":"info","message":"File watcher initialized","timestamp":"2025-04-05T08:49:03.632Z"}
{"level":"info","message":"Mqtt configs : ","timestamp":"2025-04-05T08:49:03.633Z"}
{"level":"info","message":"Connect DB Success","timestamp":"2025-04-05T08:49:03.663Z"}
{"level":"info","message":"Server is running on port 3335","timestamp":"2025-04-05T08:49:03.666Z"}
{"level":"info","message":"✅ MQTT connected","timestamp":"2025-04-05T08:49:03.669Z"}
{"0":"device_send/+","level":"info","message":"✅ Subscribed to topics:","timestamp":"2025-04-05T08:49:03.684Z"}
{"level":"info","message":"Queue start","timestamp":"2025-04-05T08:50:31.997Z"}
{"level":"info","message":"Get data Iot","timestamp":"2025-04-05T08:50:31.999Z"}
{"level":"info","message":"Queue initialized","timestamp":"2025-04-05T08:50:32.102Z"}
{"level":"info","message":"Scheduled jobs initialized","timestamp":"2025-04-05T08:50:32.105Z"}
{"level":"info","message":"File watcher initialized","timestamp":"2025-04-05T08:50:32.105Z"}
{"level":"info","message":"Mqtt configs : ","timestamp":"2025-04-05T08:50:32.106Z"}
{"level":"info","message":"✅ MQTT connected","timestamp":"2025-04-05T08:50:32.133Z"}
{"0":"device_send/+","level":"info","message":"✅ Subscribed to topics:","timestamp":"2025-04-05T08:50:32.142Z"}
{"level":"info","message":"Connect DB Success","timestamp":"2025-04-05T08:50:32.143Z"}
{"level":"info","message":"Server is running on port 3335","timestamp":"2025-04-05T08:50:32.145Z"}
{"level":"info","message":"Queue start","timestamp":"2025-04-05T08:55:42.827Z"}
{"level":"info","message":"Get data Iot","timestamp":"2025-04-05T08:55:42.829Z"}
{"level":"info","message":"Queue initialized","timestamp":"2025-04-05T08:55:42.914Z"}
{"level":"info","message":"Scheduled jobs initialized","timestamp":"2025-04-05T08:55:42.917Z"}
{"level":"info","message":"File watcher initialized","timestamp":"2025-04-05T08:55:42.918Z"}
{"level":"info","message":"Mqtt configs : ","timestamp":"2025-04-05T08:55:42.920Z"}
{"level":"info","message":"✅ MQTT connected","timestamp":"2025-04-05T08:55:42.948Z"}
{"level":"info","message":"Connect DB Success","timestamp":"2025-04-05T08:55:42.956Z"}
{"level":"info","message":"Server is running on port 3335","timestamp":"2025-04-05T08:55:42.958Z"}
{"0":"device_send/+","level":"info","message":"✅ Subscribed to topics:","timestamp":"2025-04-05T08:55:42.959Z"}
{"level":"info","message":"Queue start","timestamp":"2025-04-05T09:03:41.888Z"}
{"level":"info","message":"Get data Iot","timestamp":"2025-04-05T09:03:41.890Z"}
{"level":"info","message":"Queue initialized","timestamp":"2025-04-05T09:03:41.984Z"}
{"level":"info","message":"Scheduled jobs initialized","timestamp":"2025-04-05T09:03:41.989Z"}
{"level":"info","message":"File watcher initialized","timestamp":"2025-04-05T09:03:41.990Z"}
{"level":"info","message":"Mqtt configs : ","timestamp":"2025-04-05T09:03:41.991Z"}
{"level":"info","message":"Connect DB Success","timestamp":"2025-04-05T09:03:42.024Z"}
{"level":"info","message":"Server is running on port 3335","timestamp":"2025-04-05T09:03:42.026Z"}
{"level":"info","message":"✅ MQTT connected","timestamp":"2025-04-05T09:03:42.028Z"}
{"0":"device_send/+","level":"info","message":"✅ Subscribed to topics:","timestamp":"2025-04-05T09:03:42.042Z"}
{"level":"info","message":"Queue start","timestamp":"2025-04-05T09:29:16.160Z"}
{"level":"info","message":"Get data Iot","timestamp":"2025-04-05T09:29:16.162Z"}
{"level":"info","message":"Queue initialized","timestamp":"2025-04-05T09:29:16.243Z"}
{"level":"info","message":"Scheduled jobs initialized","timestamp":"2025-04-05T09:29:16.246Z"}
{"level":"info","message":"File watcher initialized","timestamp":"2025-04-05T09:29:16.247Z"}
{"level":"info","message":"Mqtt configs : ","timestamp":"2025-04-05T09:29:16.248Z"}
{"level":"info","message":"Connect DB Success","timestamp":"2025-04-05T09:29:16.276Z"}
{"level":"info","message":"Server is running on port 3335","timestamp":"2025-04-05T09:29:16.278Z"}
{"level":"info","message":"✅ MQTT connected","timestamp":"2025-04-05T09:29:16.280Z"}
{"0":"device_send/+","level":"info","message":"✅ Subscribed to topics:","timestamp":"2025-04-05T09:29:16.291Z"}
{"level":"info","message":"Queue start","timestamp":"2025-04-05T09:44:12.579Z"}
{"level":"info","message":"Get data Iot","timestamp":"2025-04-05T09:44:12.580Z"}
{"level":"info","message":"Queue initialized","timestamp":"2025-04-05T09:44:12.646Z"}
{"level":"info","message":"Scheduled jobs initialized","timestamp":"2025-04-05T09:44:12.649Z"}
{"level":"info","message":"File watcher initialized","timestamp":"2025-04-05T09:44:12.650Z"}
{"level":"info","message":"Mqtt configs : ","timestamp":"2025-04-05T09:44:12.651Z"}
{"level":"info","message":"Connect DB Success","timestamp":"2025-04-05T09:44:12.676Z"}
{"level":"info","message":"Server is running on port 3335","timestamp":"2025-04-05T09:44:12.677Z"}
{"level":"info","message":"✅ MQTT connected","timestamp":"2025-04-05T09:44:12.680Z"}
{"0":"device_send/+","level":"info","message":"✅ Subscribed to topics:","timestamp":"2025-04-05T09:44:12.689Z"}
{"level":"info","message":"Queue start","timestamp":"2025-04-05T09:46:02.713Z"}
{"level":"info","message":"Get data Iot","timestamp":"2025-04-05T09:46:02.715Z"}
{"level":"info","message":"Queue initialized","timestamp":"2025-04-05T09:46:02.786Z"}
{"level":"info","message":"Scheduled jobs initialized","timestamp":"2025-04-05T09:46:02.789Z"}
{"level":"info","message":"File watcher initialized","timestamp":"2025-04-05T09:46:02.790Z"}
{"level":"info","message":"Mqtt configs : ","timestamp":"2025-04-05T09:46:02.790Z"}
{"level":"info","message":"✅ MQTT connected","timestamp":"2025-04-05T09:46:02.817Z"}
{"level":"info","message":"Connect DB Success","timestamp":"2025-04-05T09:46:02.826Z"}
{"level":"info","message":"Server is running on port 3335","timestamp":"2025-04-05T09:46:02.827Z"}
{"0":"device_send/+","level":"info","message":"✅ Subscribed to topics:","timestamp":"2025-04-05T09:46:02.829Z"}
{"level":"info","message":"Queue start","timestamp":"2025-04-05T09:46:24.393Z"}
{"level":"info","message":"Get data Iot","timestamp":"2025-04-05T09:46:24.395Z"}
{"level":"info","message":"Queue initialized","timestamp":"2025-04-05T09:46:24.471Z"}
{"level":"info","message":"Scheduled jobs initialized","timestamp":"2025-04-05T09:46:24.473Z"}
{"level":"info","message":"File watcher initialized","timestamp":"2025-04-05T09:46:24.474Z"}
{"level":"info","message":"Mqtt configs : ","timestamp":"2025-04-05T09:46:24.475Z"}
{"level":"info","message":"Connect DB Success","timestamp":"2025-04-05T09:46:24.499Z"}
{"level":"info","message":"Server is running on port 3335","timestamp":"2025-04-05T09:46:24.501Z"}
{"level":"info","message":"✅ MQTT connected","timestamp":"2025-04-05T09:46:24.504Z"}
{"0":"device_send/+","level":"info","message":"✅ Subscribed to topics:","timestamp":"2025-04-05T09:46:24.516Z"}
{"level":"info","message":"Queue start","timestamp":"2025-04-05T09:46:26.593Z"}
{"level":"info","message":"Get data Iot","timestamp":"2025-04-05T09:46:26.595Z"}
{"level":"info","message":"Queue initialized","timestamp":"2025-04-05T09:46:26.652Z"}
{"level":"info","message":"Scheduled jobs initialized","timestamp":"2025-04-05T09:46:26.656Z"}
{"level":"info","message":"File watcher initialized","timestamp":"2025-04-05T09:46:26.658Z"}
{"level":"info","message":"Mqtt configs : ","timestamp":"2025-04-05T09:46:26.658Z"}
{"level":"info","message":"Connect DB Success","timestamp":"2025-04-05T09:46:26.684Z"}
{"level":"info","message":"Server is running on port 3335","timestamp":"2025-04-05T09:46:26.686Z"}
{"level":"info","message":"✅ MQTT connected","timestamp":"2025-04-05T09:46:26.689Z"}
{"0":"device_send/+","level":"info","message":"✅ Subscribed to topics:","timestamp":"2025-04-05T09:46:26.698Z"}
{"level":"info","message":"Queue start","timestamp":"2025-04-05T09:46:30.606Z"}
{"level":"info","message":"Get data Iot","timestamp":"2025-04-05T09:46:30.608Z"}
{"level":"info","message":"Queue initialized","timestamp":"2025-04-05T09:46:30.710Z"}
{"level":"info","message":"Scheduled jobs initialized","timestamp":"2025-04-05T09:46:30.715Z"}
{"level":"info","message":"File watcher initialized","timestamp":"2025-04-05T09:46:30.716Z"}
{"level":"info","message":"Mqtt configs : ","timestamp":"2025-04-05T09:46:30.716Z"}
{"level":"info","message":"✅ MQTT connected","timestamp":"2025-04-05T09:46:30.747Z"}
{"level":"info","message":"Connect DB Success","timestamp":"2025-04-05T09:46:30.757Z"}
{"level":"info","message":"Server is running on port 3335","timestamp":"2025-04-05T09:46:30.760Z"}
{"0":"device_send/+","level":"info","message":"✅ Subscribed to topics:","timestamp":"2025-04-05T09:46:30.762Z"}
{"level":"info","message":"Queue start","timestamp":"2025-04-05T09:52:59.611Z"}
{"level":"info","message":"Get data Iot","timestamp":"2025-04-05T09:52:59.612Z"}
{"level":"info","message":"Queue initialized","timestamp":"2025-04-05T09:52:59.684Z"}
{"level":"info","message":"Scheduled jobs initialized","timestamp":"2025-04-05T09:52:59.686Z"}
{"level":"info","message":"File watcher initialized","timestamp":"2025-04-05T09:52:59.687Z"}
{"level":"info","message":"Mqtt configs : ","timestamp":"2025-04-05T09:52:59.688Z"}
{"level":"info","message":"✅ MQTT connected","timestamp":"2025-04-05T09:52:59.716Z"}
{"0":"device_send/+","level":"info","message":"✅ Subscribed to topics:","timestamp":"2025-04-05T09:52:59.725Z"}
{"level":"info","message":"Connect DB Success","timestamp":"2025-04-05T09:52:59.727Z"}
{"level":"info","message":"Server is running on port 3335","timestamp":"2025-04-05T09:52:59.729Z"}
{"level":"info","message":"Queue start","timestamp":"2025-04-05T09:53:06.739Z"}
{"level":"info","message":"Get data Iot","timestamp":"2025-04-05T09:53:06.741Z"}
{"level":"info","message":"Queue initialized","timestamp":"2025-04-05T09:53:06.815Z"}
{"level":"info","message":"Scheduled jobs initialized","timestamp":"2025-04-05T09:53:06.817Z"}
{"level":"info","message":"File watcher initialized","timestamp":"2025-04-05T09:53:06.818Z"}
{"level":"info","message":"Mqtt configs : ","timestamp":"2025-04-05T09:53:06.819Z"}
{"level":"info","message":"Connect DB Success","timestamp":"2025-04-05T09:53:06.843Z"}
{"level":"info","message":"Server is running on port 3335","timestamp":"2025-04-05T09:53:06.845Z"}
{"level":"info","message":"✅ MQTT connected","timestamp":"2025-04-05T09:53:06.848Z"}
{"0":"device_send/+","level":"info","message":"✅ Subscribed to topics:","timestamp":"2025-04-05T09:53:06.856Z"}
{"level":"info","message":"Queue start","timestamp":"2025-04-05T09:58:57.947Z"}
{"level":"info","message":"Get data Iot","timestamp":"2025-04-05T09:58:57.949Z"}
{"level":"info","message":"Queue initialized","timestamp":"2025-04-05T09:58:58.032Z"}
{"level":"info","message":"Scheduled jobs initialized","timestamp":"2025-04-05T09:58:58.034Z"}
{"level":"info","message":"File watcher initialized","timestamp":"2025-04-05T09:58:58.035Z"}
{"level":"info","message":"Mqtt configs : ","timestamp":"2025-04-05T09:58:58.036Z"}
{"level":"info","message":"✅ MQTT connected","timestamp":"2025-04-05T09:58:58.062Z"}
{"level":"info","message":"Connect DB Success","timestamp":"2025-04-05T09:58:58.071Z"}
{"level":"info","message":"Server is running on port 3335","timestamp":"2025-04-05T09:58:58.072Z"}
{"0":"device_send/+","level":"info","message":"✅ Subscribed to topics:","timestamp":"2025-04-05T09:58:58.074Z"}
{"code":"ECONNRESET","errno":-4077,"level":"error","message":"❌ MQTT Error: read ECONNRESET","stack":"Error: read ECONNRESET\n    at TCP.onStreamRead (node:internal/stream_base_commons:216:20)","syscall":"read","timestamp":"2025-04-05T10:08:09.062Z"}
