{"level":"info","message":"Thực Hiện Tính Toán Kế Hoạch ................","timestamp":"2025-03-20T01:06:07.743Z"}
{"level":"info","message":"⏳Truy Xuất Dữ Liệu MasterData","timestamp":"2025-03-20T01:06:07.743Z"}
{"level":"info","message":"✅Hoàn Thành Lấy Dữ Liệu Máy !","timestamp":"2025-03-20T01:06:07.750Z"}
{"level":"info","message":"✅Hoàn Thành Lấy Dữ Liệu Sản Phẩm !","timestamp":"2025-03-20T01:06:07.934Z"}
{"level":"info","message":"✅Hoàn Thành Lấy Dữ Liệu Máy --- Sản Phẩm !","timestamp":"2025-03-20T01:06:07.941Z"}
{"level":"info","message":"✅Hoàn Thành Lấy Dữ Liệu Ca Sản Xuất !","timestamp":"2025-03-20T01:06:07.948Z"}
{"level":"info","message":"✅Hoàn Thành Lấy Dữ Liệu Ngày Nghỉ !","timestamp":"2025-03-20T01:06:07.953Z"}
{"level":"info","message":"⏳Truy Xuất Dữ Liệu Order","timestamp":"2025-03-20T01:06:07.954Z"}
{"level":"info","message":"✅Hoàn Thành Lấy Dữ Liệu Order !","timestamp":"2025-03-20T01:06:07.960Z"}
{"level":"info","message":"⏳Tính Toán Phân Bổ Kế Hoạch","timestamp":"2025-03-20T01:06:07.961Z"}
{"level":"info","message":"✅Hoàn Thành Phân Bổ Kế Hoạch !","timestamp":"2025-03-20T01:06:07.986Z"}
{"level":"info","message":"Thực Hiện Tính Toán Kế Hoạch ................","timestamp":"2025-03-20T01:06:38.795Z"}
{"level":"info","message":"⏳Truy Xuất Dữ Liệu MasterData","timestamp":"2025-03-20T01:06:38.796Z"}
{"level":"info","message":"✅Hoàn Thành Lấy Dữ Liệu Máy !","timestamp":"2025-03-20T01:06:38.801Z"}
{"level":"info","message":"✅Hoàn Thành Lấy Dữ Liệu Sản Phẩm !","timestamp":"2025-03-20T01:06:38.996Z"}
{"level":"info","message":"✅Hoàn Thành Lấy Dữ Liệu Máy --- Sản Phẩm !","timestamp":"2025-03-20T01:06:39.003Z"}
{"level":"info","message":"✅Hoàn Thành Lấy Dữ Liệu Ca Sản Xuất !","timestamp":"2025-03-20T01:06:39.009Z"}
{"level":"info","message":"✅Hoàn Thành Lấy Dữ Liệu Ngày Nghỉ !","timestamp":"2025-03-20T01:06:39.016Z"}
{"level":"info","message":"⏳Truy Xuất Dữ Liệu Order","timestamp":"2025-03-20T01:06:39.017Z"}
{"level":"info","message":"✅Hoàn Thành Lấy Dữ Liệu Order !","timestamp":"2025-03-20T01:06:39.023Z"}
{"level":"info","message":"⏳Tính Toán Phân Bổ Kế Hoạch","timestamp":"2025-03-20T01:06:39.024Z"}
{"level":"info","message":"✅Hoàn Thành Phân Bổ Kế Hoạch !","timestamp":"2025-03-20T01:06:39.042Z"}
{"level":"info","message":"Thực Hiện Tính Toán Kế Hoạch ................","timestamp":"2025-03-20T01:07:34.042Z"}
{"level":"info","message":"⏳Truy Xuất Dữ Liệu MasterData","timestamp":"2025-03-20T01:07:34.043Z"}
{"level":"info","message":"✅Hoàn Thành Lấy Dữ Liệu Máy !","timestamp":"2025-03-20T01:07:34.067Z"}
{"level":"info","message":"✅Hoàn Thành Lấy Dữ Liệu Sản Phẩm !","timestamp":"2025-03-20T01:07:34.226Z"}
{"level":"info","message":"✅Hoàn Thành Lấy Dữ Liệu Máy --- Sản Phẩm !","timestamp":"2025-03-20T01:07:34.232Z"}
{"level":"info","message":"✅Hoàn Thành Lấy Dữ Liệu Ca Sản Xuất !","timestamp":"2025-03-20T01:07:34.267Z"}
{"level":"info","message":"✅Hoàn Thành Lấy Dữ Liệu Ngày Nghỉ !","timestamp":"2025-03-20T01:07:34.274Z"}
{"level":"info","message":"⏳Truy Xuất Dữ Liệu Order","timestamp":"2025-03-20T01:07:34.275Z"}
{"level":"info","message":"✅Hoàn Thành Lấy Dữ Liệu Order !","timestamp":"2025-03-20T01:07:34.280Z"}
{"level":"info","message":"⏳Tính Toán Phân Bổ Kế Hoạch","timestamp":"2025-03-20T01:07:34.281Z"}
{"level":"info","message":"✅Hoàn Thành Phân Bổ Kế Hoạch !","timestamp":"2025-03-20T01:07:34.296Z"}
{"level":"info","message":"Thực Hiện Tính Toán Kế Hoạch ................","timestamp":"2025-03-20T01:10:04.906Z"}
{"level":"info","message":"⏳Truy Xuất Dữ Liệu MasterData","timestamp":"2025-03-20T01:10:04.907Z"}
{"level":"info","message":"✅Hoàn Thành Lấy Dữ Liệu Máy !","timestamp":"2025-03-20T01:10:04.935Z"}
{"level":"info","message":"✅Hoàn Thành Lấy Dữ Liệu Sản Phẩm !","timestamp":"2025-03-20T01:10:05.094Z"}
{"level":"info","message":"✅Hoàn Thành Lấy Dữ Liệu Máy --- Sản Phẩm !","timestamp":"2025-03-20T01:10:05.102Z"}
{"level":"info","message":"✅Hoàn Thành Lấy Dữ Liệu Ca Sản Xuất !","timestamp":"2025-03-20T01:10:05.110Z"}
{"level":"info","message":"✅Hoàn Thành Lấy Dữ Liệu Ngày Nghỉ !","timestamp":"2025-03-20T01:10:05.121Z"}
{"level":"info","message":"⏳Truy Xuất Dữ Liệu Order","timestamp":"2025-03-20T01:10:05.122Z"}
{"level":"info","message":"✅Hoàn Thành Lấy Dữ Liệu Order !","timestamp":"2025-03-20T01:10:05.134Z"}
{"level":"info","message":"⏳Tính Toán Phân Bổ Kế Hoạch","timestamp":"2025-03-20T01:10:05.134Z"}
{"level":"info","message":"✅Hoàn Thành Phân Bổ Kế Hoạch !","timestamp":"2025-03-20T01:10:05.165Z"}
{"level":"info","message":"Thực Hiện Tính Toán Kế Hoạch ................","timestamp":"2025-03-20T01:10:45.361Z"}
{"level":"info","message":"⏳Truy Xuất Dữ Liệu MasterData","timestamp":"2025-03-20T01:10:45.362Z"}
{"level":"info","message":"✅Hoàn Thành Lấy Dữ Liệu Máy !","timestamp":"2025-03-20T01:10:45.423Z"}
{"level":"info","message":"✅Hoàn Thành Lấy Dữ Liệu Sản Phẩm !","timestamp":"2025-03-20T01:10:45.632Z"}
{"level":"info","message":"✅Hoàn Thành Lấy Dữ Liệu Máy --- Sản Phẩm !","timestamp":"2025-03-20T01:10:45.653Z"}
{"level":"info","message":"✅Hoàn Thành Lấy Dữ Liệu Ca Sản Xuất !","timestamp":"2025-03-20T01:10:45.664Z"}
{"level":"info","message":"✅Hoàn Thành Lấy Dữ Liệu Ngày Nghỉ !","timestamp":"2025-03-20T01:10:45.671Z"}
{"level":"info","message":"⏳Truy Xuất Dữ Liệu Order","timestamp":"2025-03-20T01:10:45.671Z"}
{"level":"info","message":"✅Hoàn Thành Lấy Dữ Liệu Order !","timestamp":"2025-03-20T01:10:45.683Z"}
{"level":"info","message":"⏳Tính Toán Phân Bổ Kế Hoạch","timestamp":"2025-03-20T01:10:45.683Z"}
{"level":"info","message":"✅Hoàn Thành Phân Bổ Kế Hoạch !","timestamp":"2025-03-20T01:10:45.700Z"}
{"level":"info","message":"Thực Hiện Tính Toán Kế Hoạch ................","timestamp":"2025-03-20T01:12:29.086Z"}
{"level":"info","message":"⏳Truy Xuất Dữ Liệu MasterData","timestamp":"2025-03-20T01:12:29.087Z"}
{"level":"info","message":"✅Hoàn Thành Lấy Dữ Liệu Máy !","timestamp":"2025-03-20T01:12:29.118Z"}
{"level":"info","message":"✅Hoàn Thành Lấy Dữ Liệu Sản Phẩm !","timestamp":"2025-03-20T01:12:29.366Z"}
{"level":"info","message":"✅Hoàn Thành Lấy Dữ Liệu Máy --- Sản Phẩm !","timestamp":"2025-03-20T01:12:29.384Z"}
{"level":"info","message":"✅Hoàn Thành Lấy Dữ Liệu Ca Sản Xuất !","timestamp":"2025-03-20T01:12:29.722Z"}
{"level":"info","message":"✅Hoàn Thành Lấy Dữ Liệu Ngày Nghỉ !","timestamp":"2025-03-20T01:12:29.740Z"}
{"level":"info","message":"⏳Truy Xuất Dữ Liệu Order","timestamp":"2025-03-20T01:12:29.741Z"}
{"level":"info","message":"✅Hoàn Thành Lấy Dữ Liệu Order !","timestamp":"2025-03-20T01:12:29.765Z"}
{"level":"info","message":"⏳Tính Toán Phân Bổ Kế Hoạch","timestamp":"2025-03-20T01:12:29.766Z"}
{"level":"info","message":"✅Hoàn Thành Phân Bổ Kế Hoạch !","timestamp":"2025-03-20T01:12:29.781Z"}
{"level":"info","message":"Thực Hiện Tính Toán Kế Hoạch ................","timestamp":"2025-03-20T01:12:41.514Z"}
{"level":"info","message":"⏳Truy Xuất Dữ Liệu MasterData","timestamp":"2025-03-20T01:12:41.515Z"}
{"level":"info","message":"✅Hoàn Thành Lấy Dữ Liệu Máy !","timestamp":"2025-03-20T01:12:41.523Z"}
{"level":"info","message":"✅Hoàn Thành Lấy Dữ Liệu Sản Phẩm !","timestamp":"2025-03-20T01:12:41.687Z"}
{"level":"info","message":"✅Hoàn Thành Lấy Dữ Liệu Máy --- Sản Phẩm !","timestamp":"2025-03-20T01:12:41.691Z"}
{"level":"info","message":"✅Hoàn Thành Lấy Dữ Liệu Ca Sản Xuất !","timestamp":"2025-03-20T01:12:41.700Z"}
{"level":"info","message":"✅Hoàn Thành Lấy Dữ Liệu Ngày Nghỉ !","timestamp":"2025-03-20T01:12:41.704Z"}
{"level":"info","message":"⏳Truy Xuất Dữ Liệu Order","timestamp":"2025-03-20T01:12:41.705Z"}
{"level":"info","message":"✅Hoàn Thành Lấy Dữ Liệu Order !","timestamp":"2025-03-20T01:12:41.709Z"}
{"level":"info","message":"⏳Tính Toán Phân Bổ Kế Hoạch","timestamp":"2025-03-20T01:12:41.710Z"}
{"level":"info","message":"✅Hoàn Thành Phân Bổ Kế Hoạch !","timestamp":"2025-03-20T01:12:41.735Z"}
{"level":"info","message":"Thực Hiện Tính Toán Kế Hoạch ................","timestamp":"2025-03-20T01:13:12.721Z"}
{"level":"info","message":"⏳Truy Xuất Dữ Liệu MasterData","timestamp":"2025-03-20T01:13:12.722Z"}
{"level":"info","message":"✅Hoàn Thành Lấy Dữ Liệu Máy !","timestamp":"2025-03-20T01:13:12.729Z"}
{"level":"info","message":"✅Hoàn Thành Lấy Dữ Liệu Sản Phẩm !","timestamp":"2025-03-20T01:13:12.894Z"}
{"level":"info","message":"✅Hoàn Thành Lấy Dữ Liệu Máy --- Sản Phẩm !","timestamp":"2025-03-20T01:13:12.898Z"}
{"level":"info","message":"✅Hoàn Thành Lấy Dữ Liệu Ca Sản Xuất !","timestamp":"2025-03-20T01:13:12.903Z"}
{"level":"info","message":"✅Hoàn Thành Lấy Dữ Liệu Ngày Nghỉ !","timestamp":"2025-03-20T01:13:12.907Z"}
{"level":"info","message":"⏳Truy Xuất Dữ Liệu Order","timestamp":"2025-03-20T01:13:12.908Z"}
{"level":"info","message":"✅Hoàn Thành Lấy Dữ Liệu Order !","timestamp":"2025-03-20T01:13:12.912Z"}
{"level":"info","message":"⏳Tính Toán Phân Bổ Kế Hoạch","timestamp":"2025-03-20T01:13:12.912Z"}
{"level":"info","message":"✅Hoàn Thành Phân Bổ Kế Hoạch !","timestamp":"2025-03-20T01:13:12.923Z"}
{"level":"info","message":"Thực Hiện Tính Toán Kế Hoạch ................","timestamp":"2025-03-20T01:13:52.942Z"}
{"level":"info","message":"⏳Truy Xuất Dữ Liệu MasterData","timestamp":"2025-03-20T01:13:52.942Z"}
{"level":"info","message":"✅Hoàn Thành Lấy Dữ Liệu Máy !","timestamp":"2025-03-20T01:13:52.950Z"}
{"level":"info","message":"✅Hoàn Thành Lấy Dữ Liệu Sản Phẩm !","timestamp":"2025-03-20T01:13:53.118Z"}
{"level":"info","message":"✅Hoàn Thành Lấy Dữ Liệu Máy --- Sản Phẩm !","timestamp":"2025-03-20T01:13:53.122Z"}
{"level":"info","message":"✅Hoàn Thành Lấy Dữ Liệu Ca Sản Xuất !","timestamp":"2025-03-20T01:13:53.126Z"}
{"level":"info","message":"✅Hoàn Thành Lấy Dữ Liệu Ngày Nghỉ !","timestamp":"2025-03-20T01:13:53.130Z"}
{"level":"info","message":"⏳Truy Xuất Dữ Liệu Order","timestamp":"2025-03-20T01:13:53.130Z"}
{"level":"info","message":"✅Hoàn Thành Lấy Dữ Liệu Order !","timestamp":"2025-03-20T01:13:53.134Z"}
{"level":"info","message":"⏳Tính Toán Phân Bổ Kế Hoạch","timestamp":"2025-03-20T01:13:53.134Z"}
{"level":"info","message":"✅Hoàn Thành Phân Bổ Kế Hoạch !","timestamp":"2025-03-20T01:13:53.147Z"}
{"level":"info","message":"Thực Hiện Tính Toán Kế Hoạch ................","timestamp":"2025-03-20T01:14:01.326Z"}
{"level":"info","message":"⏳Truy Xuất Dữ Liệu MasterData","timestamp":"2025-03-20T01:14:01.327Z"}
{"level":"info","message":"✅Hoàn Thành Lấy Dữ Liệu Máy !","timestamp":"2025-03-20T01:14:01.338Z"}
{"level":"info","message":"✅Hoàn Thành Lấy Dữ Liệu Sản Phẩm !","timestamp":"2025-03-20T01:14:01.493Z"}
{"level":"info","message":"✅Hoàn Thành Lấy Dữ Liệu Máy --- Sản Phẩm !","timestamp":"2025-03-20T01:14:01.498Z"}
{"level":"info","message":"✅Hoàn Thành Lấy Dữ Liệu Ca Sản Xuất !","timestamp":"2025-03-20T01:14:01.506Z"}
{"level":"info","message":"✅Hoàn Thành Lấy Dữ Liệu Ngày Nghỉ !","timestamp":"2025-03-20T01:14:01.514Z"}
{"level":"info","message":"⏳Truy Xuất Dữ Liệu Order","timestamp":"2025-03-20T01:14:01.515Z"}
{"level":"info","message":"✅Hoàn Thành Lấy Dữ Liệu Order !","timestamp":"2025-03-20T01:14:01.519Z"}
{"level":"info","message":"⏳Tính Toán Phân Bổ Kế Hoạch","timestamp":"2025-03-20T01:14:01.520Z"}
{"level":"info","message":"✅Hoàn Thành Phân Bổ Kế Hoạch !","timestamp":"2025-03-20T01:14:01.543Z"}
{"level":"info","message":"Thực Hiện Tính Toán Kế Hoạch ................","timestamp":"2025-03-20T01:14:16.378Z"}
{"level":"info","message":"⏳Truy Xuất Dữ Liệu MasterData","timestamp":"2025-03-20T01:14:16.379Z"}
{"level":"info","message":"✅Hoàn Thành Lấy Dữ Liệu Máy !","timestamp":"2025-03-20T01:14:16.389Z"}
{"level":"info","message":"✅Hoàn Thành Lấy Dữ Liệu Sản Phẩm !","timestamp":"2025-03-20T01:14:16.545Z"}
{"level":"info","message":"✅Hoàn Thành Lấy Dữ Liệu Máy --- Sản Phẩm !","timestamp":"2025-03-20T01:14:16.550Z"}
{"level":"info","message":"✅Hoàn Thành Lấy Dữ Liệu Ca Sản Xuất !","timestamp":"2025-03-20T01:14:16.555Z"}
{"level":"info","message":"✅Hoàn Thành Lấy Dữ Liệu Ngày Nghỉ !","timestamp":"2025-03-20T01:14:16.563Z"}
{"level":"info","message":"⏳Truy Xuất Dữ Liệu Order","timestamp":"2025-03-20T01:14:16.563Z"}
{"level":"info","message":"✅Hoàn Thành Lấy Dữ Liệu Order !","timestamp":"2025-03-20T01:14:16.567Z"}
{"level":"info","message":"⏳Tính Toán Phân Bổ Kế Hoạch","timestamp":"2025-03-20T01:14:16.568Z"}
{"level":"info","message":"✅Hoàn Thành Phân Bổ Kế Hoạch !","timestamp":"2025-03-20T01:14:16.592Z"}
{"level":"info","message":"Thực Hiện Tính Toán Kế Hoạch ................","timestamp":"2025-03-20T01:19:25.383Z"}
{"level":"info","message":"⏳Truy Xuất Dữ Liệu MasterData","timestamp":"2025-03-20T01:19:25.384Z"}
{"level":"info","message":"✅Hoàn Thành Lấy Dữ Liệu Máy !","timestamp":"2025-03-20T01:19:25.402Z"}
{"level":"info","message":"✅Hoàn Thành Lấy Dữ Liệu Sản Phẩm !","timestamp":"2025-03-20T01:19:25.561Z"}
{"level":"info","message":"✅Hoàn Thành Lấy Dữ Liệu Máy --- Sản Phẩm !","timestamp":"2025-03-20T01:19:25.565Z"}
{"level":"info","message":"✅Hoàn Thành Lấy Dữ Liệu Ca Sản Xuất !","timestamp":"2025-03-20T01:19:25.569Z"}
{"level":"info","message":"✅Hoàn Thành Lấy Dữ Liệu Ngày Nghỉ !","timestamp":"2025-03-20T01:19:25.575Z"}
{"level":"info","message":"⏳Truy Xuất Dữ Liệu Order","timestamp":"2025-03-20T01:19:25.575Z"}
{"level":"info","message":"✅Hoàn Thành Lấy Dữ Liệu Order !","timestamp":"2025-03-20T01:19:25.581Z"}
{"level":"info","message":"⏳Tính Toán Phân Bổ Kế Hoạch","timestamp":"2025-03-20T01:19:25.581Z"}
{"level":"info","message":"✅Hoàn Thành Phân Bổ Kế Hoạch !","timestamp":"2025-03-20T01:19:25.597Z"}
{"level":"info","message":"Thực Hiện Tính Toán Kế Hoạch ................","timestamp":"2025-03-20T01:19:29.623Z"}
{"level":"info","message":"⏳Truy Xuất Dữ Liệu MasterData","timestamp":"2025-03-20T01:19:29.624Z"}
{"level":"info","message":"✅Hoàn Thành Lấy Dữ Liệu Máy !","timestamp":"2025-03-20T01:19:29.630Z"}
{"level":"info","message":"✅Hoàn Thành Lấy Dữ Liệu Sản Phẩm !","timestamp":"2025-03-20T01:19:29.797Z"}
{"level":"info","message":"✅Hoàn Thành Lấy Dữ Liệu Máy --- Sản Phẩm !","timestamp":"2025-03-20T01:19:29.802Z"}
{"level":"info","message":"✅Hoàn Thành Lấy Dữ Liệu Ca Sản Xuất !","timestamp":"2025-03-20T01:19:29.809Z"}
{"level":"info","message":"✅Hoàn Thành Lấy Dữ Liệu Ngày Nghỉ !","timestamp":"2025-03-20T01:19:29.814Z"}
{"level":"info","message":"⏳Truy Xuất Dữ Liệu Order","timestamp":"2025-03-20T01:19:29.814Z"}
{"level":"info","message":"✅Hoàn Thành Lấy Dữ Liệu Order !","timestamp":"2025-03-20T01:19:29.820Z"}
{"level":"info","message":"⏳Tính Toán Phân Bổ Kế Hoạch","timestamp":"2025-03-20T01:19:29.821Z"}
{"level":"info","message":"✅Hoàn Thành Phân Bổ Kế Hoạch !","timestamp":"2025-03-20T01:19:29.833Z"}
{"level":"info","message":"Thực Hiện Tính Toán Kế Hoạch ................","timestamp":"2025-03-20T01:20:03.328Z"}
{"level":"info","message":"⏳Truy Xuất Dữ Liệu MasterData","timestamp":"2025-03-20T01:20:03.328Z"}
{"level":"info","message":"✅Hoàn Thành Lấy Dữ Liệu Máy !","timestamp":"2025-03-20T01:20:03.483Z"}
{"level":"info","message":"✅Hoàn Thành Lấy Dữ Liệu Sản Phẩm !","timestamp":"2025-03-20T01:20:03.790Z"}
{"level":"info","message":"✅Hoàn Thành Lấy Dữ Liệu Máy --- Sản Phẩm !","timestamp":"2025-03-20T01:20:03.922Z"}
{"level":"info","message":"✅Hoàn Thành Lấy Dữ Liệu Ca Sản Xuất !","timestamp":"2025-03-20T01:20:03.928Z"}
{"level":"info","message":"✅Hoàn Thành Lấy Dữ Liệu Ngày Nghỉ !","timestamp":"2025-03-20T01:20:03.933Z"}
{"level":"info","message":"⏳Truy Xuất Dữ Liệu Order","timestamp":"2025-03-20T01:20:03.934Z"}
{"level":"info","message":"✅Hoàn Thành Lấy Dữ Liệu Order !","timestamp":"2025-03-20T01:20:03.943Z"}
{"level":"info","message":"⏳Tính Toán Phân Bổ Kế Hoạch","timestamp":"2025-03-20T01:20:03.945Z"}
{"level":"info","message":"✅Hoàn Thành Phân Bổ Kế Hoạch !","timestamp":"2025-03-20T01:20:03.962Z"}
{"level":"info","message":"Thực Hiện Tính Toán Kế Hoạch ................","timestamp":"2025-03-20T01:21:40.859Z"}
{"level":"info","message":"⏳Truy Xuất Dữ Liệu MasterData","timestamp":"2025-03-20T01:21:40.860Z"}
{"level":"info","message":"✅Hoàn Thành Lấy Dữ Liệu Máy !","timestamp":"2025-03-20T01:21:40.872Z"}
{"level":"info","message":"✅Hoàn Thành Lấy Dữ Liệu Sản Phẩm !","timestamp":"2025-03-20T01:21:41.032Z"}
{"level":"info","message":"✅Hoàn Thành Lấy Dữ Liệu Máy --- Sản Phẩm !","timestamp":"2025-03-20T01:21:41.037Z"}
{"level":"info","message":"✅Hoàn Thành Lấy Dữ Liệu Ca Sản Xuất !","timestamp":"2025-03-20T01:21:41.043Z"}
{"level":"info","message":"✅Hoàn Thành Lấy Dữ Liệu Ngày Nghỉ !","timestamp":"2025-03-20T01:21:41.047Z"}
{"level":"info","message":"⏳Truy Xuất Dữ Liệu Order","timestamp":"2025-03-20T01:21:41.047Z"}
{"level":"info","message":"✅Hoàn Thành Lấy Dữ Liệu Order !","timestamp":"2025-03-20T01:21:41.051Z"}
{"level":"info","message":"⏳Tính Toán Phân Bổ Kế Hoạch","timestamp":"2025-03-20T01:21:41.052Z"}
{"level":"info","message":"✅Hoàn Thành Phân Bổ Kế Hoạch !","timestamp":"2025-03-20T01:21:41.060Z"}
{"level":"info","message":"Thực Hiện Tính Toán Kế Hoạch ................","timestamp":"2025-03-20T01:22:57.326Z"}
{"level":"info","message":"⏳Truy Xuất Dữ Liệu MasterData","timestamp":"2025-03-20T01:22:57.326Z"}
{"level":"info","message":"✅Hoàn Thành Lấy Dữ Liệu Máy !","timestamp":"2025-03-20T01:22:57.334Z"}
{"level":"info","message":"✅Hoàn Thành Lấy Dữ Liệu Sản Phẩm !","timestamp":"2025-03-20T01:22:57.896Z"}
{"level":"info","message":"✅Hoàn Thành Lấy Dữ Liệu Máy --- Sản Phẩm !","timestamp":"2025-03-20T01:22:57.901Z"}
{"level":"info","message":"✅Hoàn Thành Lấy Dữ Liệu Ca Sản Xuất !","timestamp":"2025-03-20T01:22:57.904Z"}
{"level":"info","message":"✅Hoàn Thành Lấy Dữ Liệu Ngày Nghỉ !","timestamp":"2025-03-20T01:22:57.908Z"}
{"level":"info","message":"⏳Truy Xuất Dữ Liệu Order","timestamp":"2025-03-20T01:22:57.908Z"}
{"level":"info","message":"✅Hoàn Thành Lấy Dữ Liệu Order !","timestamp":"2025-03-20T01:22:57.912Z"}
{"level":"info","message":"⏳Tính Toán Phân Bổ Kế Hoạch","timestamp":"2025-03-20T01:22:57.912Z"}
{"level":"info","message":"✅Hoàn Thành Phân Bổ Kế Hoạch !","timestamp":"2025-03-20T01:22:57.929Z"}
{"level":"info","message":"Thực Hiện Tính Toán Kế Hoạch ................","timestamp":"2025-03-20T01:29:09.241Z"}
{"level":"info","message":"⏳Truy Xuất Dữ Liệu MasterData","timestamp":"2025-03-20T01:29:09.242Z"}
{"level":"info","message":"✅Hoàn Thành Lấy Dữ Liệu Máy !","timestamp":"2025-03-20T01:29:09.252Z"}
{"level":"info","message":"✅Hoàn Thành Lấy Dữ Liệu Sản Phẩm !","timestamp":"2025-03-20T01:29:09.412Z"}
{"level":"info","message":"✅Hoàn Thành Lấy Dữ Liệu Máy --- Sản Phẩm !","timestamp":"2025-03-20T01:29:09.420Z"}
{"level":"info","message":"✅Hoàn Thành Lấy Dữ Liệu Ca Sản Xuất !","timestamp":"2025-03-20T01:29:09.428Z"}
{"level":"info","message":"✅Hoàn Thành Lấy Dữ Liệu Ngày Nghỉ !","timestamp":"2025-03-20T01:29:09.435Z"}
{"level":"info","message":"⏳Truy Xuất Dữ Liệu Order","timestamp":"2025-03-20T01:29:09.436Z"}
{"level":"info","message":"✅Hoàn Thành Lấy Dữ Liệu Order !","timestamp":"2025-03-20T01:29:09.442Z"}
{"level":"info","message":"⏳Tính Toán Phân Bổ Kế Hoạch","timestamp":"2025-03-20T01:29:09.443Z"}
{"level":"info","message":"✅Hoàn Thành Phân Bổ Kế Hoạch !","timestamp":"2025-03-20T01:29:09.482Z"}
{"level":"info","message":"Thực Hiện Tính Toán Kế Hoạch ................","timestamp":"2025-03-20T01:29:23.294Z"}
{"level":"info","message":"⏳Truy Xuất Dữ Liệu MasterData","timestamp":"2025-03-20T01:29:23.294Z"}
{"level":"info","message":"✅Hoàn Thành Lấy Dữ Liệu Máy !","timestamp":"2025-03-20T01:29:23.307Z"}
{"level":"info","message":"✅Hoàn Thành Lấy Dữ Liệu Sản Phẩm !","timestamp":"2025-03-20T01:29:23.710Z"}
{"level":"info","message":"✅Hoàn Thành Lấy Dữ Liệu Máy --- Sản Phẩm !","timestamp":"2025-03-20T01:29:23.721Z"}
{"level":"info","message":"✅Hoàn Thành Lấy Dữ Liệu Ca Sản Xuất !","timestamp":"2025-03-20T01:29:23.732Z"}
{"level":"info","message":"✅Hoàn Thành Lấy Dữ Liệu Ngày Nghỉ !","timestamp":"2025-03-20T01:29:23.740Z"}
{"level":"info","message":"⏳Truy Xuất Dữ Liệu Order","timestamp":"2025-03-20T01:29:23.740Z"}
{"level":"info","message":"✅Hoàn Thành Lấy Dữ Liệu Order !","timestamp":"2025-03-20T01:29:23.753Z"}
{"level":"info","message":"⏳Tính Toán Phân Bổ Kế Hoạch","timestamp":"2025-03-20T01:29:23.754Z"}
{"level":"info","message":"✅Hoàn Thành Phân Bổ Kế Hoạch !","timestamp":"2025-03-20T01:29:23.768Z"}
{"level":"info","message":"Thực Hiện Tính Toán Kế Hoạch ................","timestamp":"2025-03-20T01:31:12.289Z"}
{"level":"info","message":"⏳Truy Xuất Dữ Liệu MasterData","timestamp":"2025-03-20T01:31:12.289Z"}
{"level":"info","message":"✅Hoàn Thành Lấy Dữ Liệu Máy !","timestamp":"2025-03-20T01:31:12.296Z"}
{"level":"info","message":"✅Hoàn Thành Lấy Dữ Liệu Sản Phẩm !","timestamp":"2025-03-20T01:31:12.479Z"}
{"level":"info","message":"✅Hoàn Thành Lấy Dữ Liệu Máy --- Sản Phẩm !","timestamp":"2025-03-20T01:31:12.484Z"}
{"level":"info","message":"✅Hoàn Thành Lấy Dữ Liệu Ca Sản Xuất !","timestamp":"2025-03-20T01:31:12.492Z"}
{"level":"info","message":"✅Hoàn Thành Lấy Dữ Liệu Ngày Nghỉ !","timestamp":"2025-03-20T01:31:12.497Z"}
{"level":"info","message":"⏳Truy Xuất Dữ Liệu Order","timestamp":"2025-03-20T01:31:12.497Z"}
{"level":"info","message":"✅Hoàn Thành Lấy Dữ Liệu Order !","timestamp":"2025-03-20T01:31:12.501Z"}
{"level":"info","message":"⏳Tính Toán Phân Bổ Kế Hoạch","timestamp":"2025-03-20T01:31:12.502Z"}
{"level":"info","message":"✅Hoàn Thành Phân Bổ Kế Hoạch !","timestamp":"2025-03-20T01:31:12.530Z"}
{"level":"info","message":"Thực Hiện Tính Toán Kế Hoạch ................","timestamp":"2025-03-20T01:32:10.078Z"}
{"level":"info","message":"⏳Truy Xuất Dữ Liệu MasterData","timestamp":"2025-03-20T01:32:10.079Z"}
{"level":"info","message":"✅Hoàn Thành Lấy Dữ Liệu Máy !","timestamp":"2025-03-20T01:32:10.088Z"}
{"level":"info","message":"✅Hoàn Thành Lấy Dữ Liệu Sản Phẩm !","timestamp":"2025-03-20T01:32:10.302Z"}
{"level":"info","message":"✅Hoàn Thành Lấy Dữ Liệu Máy --- Sản Phẩm !","timestamp":"2025-03-20T01:32:10.328Z"}
{"level":"info","message":"✅Hoàn Thành Lấy Dữ Liệu Ca Sản Xuất !","timestamp":"2025-03-20T01:32:10.336Z"}
{"level":"info","message":"✅Hoàn Thành Lấy Dữ Liệu Ngày Nghỉ !","timestamp":"2025-03-20T01:32:10.357Z"}
{"level":"info","message":"⏳Truy Xuất Dữ Liệu Order","timestamp":"2025-03-20T01:32:10.358Z"}
{"level":"info","message":"✅Hoàn Thành Lấy Dữ Liệu Order !","timestamp":"2025-03-20T01:32:10.366Z"}
{"level":"info","message":"⏳Tính Toán Phân Bổ Kế Hoạch","timestamp":"2025-03-20T01:32:10.367Z"}
{"level":"info","message":"✅Hoàn Thành Phân Bổ Kế Hoạch !","timestamp":"2025-03-20T01:32:10.388Z"}
{"level":"info","message":"Thực Hiện Tính Toán Kế Hoạch ................","timestamp":"2025-03-20T01:32:51.504Z"}
{"level":"info","message":"⏳Truy Xuất Dữ Liệu MasterData","timestamp":"2025-03-20T01:32:51.504Z"}
{"level":"info","message":"✅Hoàn Thành Lấy Dữ Liệu Máy !","timestamp":"2025-03-20T01:32:51.514Z"}
{"level":"info","message":"✅Hoàn Thành Lấy Dữ Liệu Sản Phẩm !","timestamp":"2025-03-20T01:32:51.689Z"}
{"level":"info","message":"✅Hoàn Thành Lấy Dữ Liệu Máy --- Sản Phẩm !","timestamp":"2025-03-20T01:32:51.695Z"}
{"level":"info","message":"✅Hoàn Thành Lấy Dữ Liệu Ca Sản Xuất !","timestamp":"2025-03-20T01:32:51.703Z"}
{"level":"info","message":"✅Hoàn Thành Lấy Dữ Liệu Ngày Nghỉ !","timestamp":"2025-03-20T01:32:51.716Z"}
{"level":"info","message":"⏳Truy Xuất Dữ Liệu Order","timestamp":"2025-03-20T01:32:51.716Z"}
{"level":"info","message":"✅Hoàn Thành Lấy Dữ Liệu Order !","timestamp":"2025-03-20T01:32:51.723Z"}
{"level":"info","message":"⏳Tính Toán Phân Bổ Kế Hoạch","timestamp":"2025-03-20T01:32:51.723Z"}
{"level":"info","message":"✅Hoàn Thành Phân Bổ Kế Hoạch !","timestamp":"2025-03-20T01:32:51.736Z"}
{"level":"info","message":"Thực Hiện Tính Toán Kế Hoạch ................","timestamp":"2025-03-20T01:33:52.456Z"}
{"level":"info","message":"⏳Truy Xuất Dữ Liệu MasterData","timestamp":"2025-03-20T01:33:52.457Z"}
{"level":"info","message":"✅Hoàn Thành Lấy Dữ Liệu Máy !","timestamp":"2025-03-20T01:33:52.467Z"}
{"level":"info","message":"✅Hoàn Thành Lấy Dữ Liệu Sản Phẩm !","timestamp":"2025-03-20T01:33:52.637Z"}
{"level":"info","message":"✅Hoàn Thành Lấy Dữ Liệu Máy --- Sản Phẩm !","timestamp":"2025-03-20T01:33:52.722Z"}
{"level":"info","message":"✅Hoàn Thành Lấy Dữ Liệu Ca Sản Xuất !","timestamp":"2025-03-20T01:33:52.732Z"}
{"level":"info","message":"✅Hoàn Thành Lấy Dữ Liệu Ngày Nghỉ !","timestamp":"2025-03-20T01:33:52.739Z"}
{"level":"info","message":"⏳Truy Xuất Dữ Liệu Order","timestamp":"2025-03-20T01:33:52.739Z"}
{"level":"info","message":"✅Hoàn Thành Lấy Dữ Liệu Order !","timestamp":"2025-03-20T01:33:52.747Z"}
{"level":"info","message":"⏳Tính Toán Phân Bổ Kế Hoạch","timestamp":"2025-03-20T01:33:52.747Z"}
{"level":"info","message":"✅Hoàn Thành Phân Bổ Kế Hoạch !","timestamp":"2025-03-20T01:33:52.795Z"}
{"level":"info","message":"Thực Hiện Tính Toán Kế Hoạch ................","timestamp":"2025-03-20T01:34:32.569Z"}
{"level":"info","message":"⏳Truy Xuất Dữ Liệu MasterData","timestamp":"2025-03-20T01:34:32.570Z"}
{"level":"info","message":"✅Hoàn Thành Lấy Dữ Liệu Máy !","timestamp":"2025-03-20T01:34:32.576Z"}
{"level":"info","message":"✅Hoàn Thành Lấy Dữ Liệu Sản Phẩm !","timestamp":"2025-03-20T01:34:32.816Z"}
{"level":"info","message":"✅Hoàn Thành Lấy Dữ Liệu Máy --- Sản Phẩm !","timestamp":"2025-03-20T01:34:32.822Z"}
{"level":"info","message":"✅Hoàn Thành Lấy Dữ Liệu Ca Sản Xuất !","timestamp":"2025-03-20T01:34:32.828Z"}
{"level":"info","message":"✅Hoàn Thành Lấy Dữ Liệu Ngày Nghỉ !","timestamp":"2025-03-20T01:34:32.834Z"}
{"level":"info","message":"⏳Truy Xuất Dữ Liệu Order","timestamp":"2025-03-20T01:34:32.834Z"}
{"level":"info","message":"✅Hoàn Thành Lấy Dữ Liệu Order !","timestamp":"2025-03-20T01:34:32.841Z"}
{"level":"info","message":"⏳Tính Toán Phân Bổ Kế Hoạch","timestamp":"2025-03-20T01:34:32.841Z"}
{"level":"info","message":"✅Hoàn Thành Phân Bổ Kế Hoạch !","timestamp":"2025-03-20T01:34:32.854Z"}
{"level":"info","message":"Thực Hiện Tính Toán Kế Hoạch ................","timestamp":"2025-03-20T01:36:50.373Z"}
{"level":"info","message":"⏳Truy Xuất Dữ Liệu MasterData","timestamp":"2025-03-20T01:36:50.374Z"}
{"level":"info","message":"✅Hoàn Thành Lấy Dữ Liệu Máy !","timestamp":"2025-03-20T01:36:50.383Z"}
{"level":"info","message":"✅Hoàn Thành Lấy Dữ Liệu Sản Phẩm !","timestamp":"2025-03-20T01:36:50.606Z"}
{"level":"info","message":"✅Hoàn Thành Lấy Dữ Liệu Máy --- Sản Phẩm !","timestamp":"2025-03-20T01:36:50.611Z"}
{"level":"info","message":"✅Hoàn Thành Lấy Dữ Liệu Ca Sản Xuất !","timestamp":"2025-03-20T01:36:50.615Z"}
{"level":"info","message":"✅Hoàn Thành Lấy Dữ Liệu Ngày Nghỉ !","timestamp":"2025-03-20T01:36:50.619Z"}
{"level":"info","message":"⏳Truy Xuất Dữ Liệu Order","timestamp":"2025-03-20T01:36:50.619Z"}
{"level":"info","message":"✅Hoàn Thành Lấy Dữ Liệu Order !","timestamp":"2025-03-20T01:36:50.624Z"}
{"level":"info","message":"⏳Tính Toán Phân Bổ Kế Hoạch","timestamp":"2025-03-20T01:36:50.625Z"}
{"level":"info","message":"✅Hoàn Thành Phân Bổ Kế Hoạch !","timestamp":"2025-03-20T01:36:50.650Z"}
{"level":"info","message":"Thực Hiện Tính Toán Kế Hoạch ................","timestamp":"2025-03-20T01:38:32.179Z"}
{"level":"info","message":"⏳Truy Xuất Dữ Liệu MasterData","timestamp":"2025-03-20T01:38:32.179Z"}
{"level":"info","message":"✅Hoàn Thành Lấy Dữ Liệu Máy !","timestamp":"2025-03-20T01:38:32.187Z"}
{"level":"info","message":"✅Hoàn Thành Lấy Dữ Liệu Sản Phẩm !","timestamp":"2025-03-20T01:38:32.412Z"}
{"level":"info","message":"✅Hoàn Thành Lấy Dữ Liệu Máy --- Sản Phẩm !","timestamp":"2025-03-20T01:38:32.416Z"}
{"level":"info","message":"✅Hoàn Thành Lấy Dữ Liệu Ca Sản Xuất !","timestamp":"2025-03-20T01:38:32.420Z"}
{"level":"info","message":"✅Hoàn Thành Lấy Dữ Liệu Ngày Nghỉ !","timestamp":"2025-03-20T01:38:32.426Z"}
{"level":"info","message":"⏳Truy Xuất Dữ Liệu Order","timestamp":"2025-03-20T01:38:32.427Z"}
{"level":"info","message":"✅Hoàn Thành Lấy Dữ Liệu Order !","timestamp":"2025-03-20T01:38:32.431Z"}
{"level":"info","message":"⏳Tính Toán Phân Bổ Kế Hoạch","timestamp":"2025-03-20T01:38:32.432Z"}
{"level":"info","message":"✅Hoàn Thành Phân Bổ Kế Hoạch !","timestamp":"2025-03-20T01:38:32.449Z"}
{"level":"info","message":"Thực Hiện Tính Toán Kế Hoạch ................","timestamp":"2025-03-20T01:39:26.632Z"}
{"level":"info","message":"⏳Truy Xuất Dữ Liệu MasterData","timestamp":"2025-03-20T01:39:26.633Z"}
{"level":"info","message":"✅Hoàn Thành Lấy Dữ Liệu Máy !","timestamp":"2025-03-20T01:39:26.639Z"}
{"level":"info","message":"✅Hoàn Thành Lấy Dữ Liệu Sản Phẩm !","timestamp":"2025-03-20T01:39:26.833Z"}
{"level":"info","message":"✅Hoàn Thành Lấy Dữ Liệu Máy --- Sản Phẩm !","timestamp":"2025-03-20T01:39:26.839Z"}
{"level":"info","message":"✅Hoàn Thành Lấy Dữ Liệu Ca Sản Xuất !","timestamp":"2025-03-20T01:39:26.844Z"}
{"level":"info","message":"✅Hoàn Thành Lấy Dữ Liệu Ngày Nghỉ !","timestamp":"2025-03-20T01:39:26.848Z"}
{"level":"info","message":"⏳Truy Xuất Dữ Liệu Order","timestamp":"2025-03-20T01:39:26.849Z"}
{"level":"info","message":"✅Hoàn Thành Lấy Dữ Liệu Order !","timestamp":"2025-03-20T01:39:26.853Z"}
{"level":"info","message":"⏳Tính Toán Phân Bổ Kế Hoạch","timestamp":"2025-03-20T01:39:26.854Z"}
{"level":"info","message":"✅Hoàn Thành Phân Bổ Kế Hoạch !","timestamp":"2025-03-20T01:39:26.880Z"}
{"level":"info","message":"Thực Hiện Tính Toán Kế Hoạch ................","timestamp":"2025-03-20T01:46:51.761Z"}
{"level":"info","message":"⏳Truy Xuất Dữ Liệu MasterData","timestamp":"2025-03-20T01:46:51.761Z"}
{"level":"info","message":"✅Hoàn Thành Lấy Dữ Liệu Máy !","timestamp":"2025-03-20T01:46:51.770Z"}
{"level":"info","message":"✅Hoàn Thành Lấy Dữ Liệu Sản Phẩm !","timestamp":"2025-03-20T01:46:51.951Z"}
{"level":"info","message":"✅Hoàn Thành Lấy Dữ Liệu Máy --- Sản Phẩm !","timestamp":"2025-03-20T01:46:51.960Z"}
{"level":"info","message":"✅Hoàn Thành Lấy Dữ Liệu Ca Sản Xuất !","timestamp":"2025-03-20T01:46:51.970Z"}
{"level":"info","message":"✅Hoàn Thành Lấy Dữ Liệu Ngày Nghỉ !","timestamp":"2025-03-20T01:46:51.976Z"}
{"level":"info","message":"⏳Truy Xuất Dữ Liệu Order","timestamp":"2025-03-20T01:46:51.976Z"}
{"level":"info","message":"✅Hoàn Thành Lấy Dữ Liệu Order !","timestamp":"2025-03-20T01:46:51.986Z"}
{"level":"info","message":"⏳Tính Toán Phân Bổ Kế Hoạch","timestamp":"2025-03-20T01:46:51.987Z"}
{"level":"info","message":"✅Hoàn Thành Phân Bổ Kế Hoạch !","timestamp":"2025-03-20T01:46:52.009Z"}
{"level":"info","message":"Thực Hiện Tính Toán Kế Hoạch ................","timestamp":"2025-03-20T01:47:27.453Z"}
{"level":"info","message":"⏳Truy Xuất Dữ Liệu MasterData","timestamp":"2025-03-20T01:47:27.454Z"}
{"level":"info","message":"✅Hoàn Thành Lấy Dữ Liệu Máy !","timestamp":"2025-03-20T01:47:27.461Z"}
{"level":"info","message":"✅Hoàn Thành Lấy Dữ Liệu Sản Phẩm !","timestamp":"2025-03-20T01:47:27.619Z"}
{"level":"info","message":"✅Hoàn Thành Lấy Dữ Liệu Máy --- Sản Phẩm !","timestamp":"2025-03-20T01:47:27.624Z"}
{"level":"info","message":"✅Hoàn Thành Lấy Dữ Liệu Ca Sản Xuất !","timestamp":"2025-03-20T01:47:27.628Z"}
{"level":"info","message":"✅Hoàn Thành Lấy Dữ Liệu Ngày Nghỉ !","timestamp":"2025-03-20T01:47:27.637Z"}
{"level":"info","message":"⏳Truy Xuất Dữ Liệu Order","timestamp":"2025-03-20T01:47:27.638Z"}
{"level":"info","message":"✅Hoàn Thành Lấy Dữ Liệu Order !","timestamp":"2025-03-20T01:47:27.643Z"}
{"level":"info","message":"⏳Tính Toán Phân Bổ Kế Hoạch","timestamp":"2025-03-20T01:47:27.643Z"}
{"level":"info","message":"✅Hoàn Thành Phân Bổ Kế Hoạch !","timestamp":"2025-03-20T01:47:27.671Z"}
{"level":"info","message":"Thực Hiện Tính Toán Kế Hoạch ................","timestamp":"2025-03-20T01:47:56.664Z"}
{"level":"info","message":"⏳Truy Xuất Dữ Liệu MasterData","timestamp":"2025-03-20T01:47:56.665Z"}
{"level":"info","message":"✅Hoàn Thành Lấy Dữ Liệu Máy !","timestamp":"2025-03-20T01:47:56.670Z"}
{"level":"info","message":"✅Hoàn Thành Lấy Dữ Liệu Sản Phẩm !","timestamp":"2025-03-20T01:47:56.831Z"}
{"level":"info","message":"✅Hoàn Thành Lấy Dữ Liệu Máy --- Sản Phẩm !","timestamp":"2025-03-20T01:47:56.835Z"}
{"level":"info","message":"✅Hoàn Thành Lấy Dữ Liệu Ca Sản Xuất !","timestamp":"2025-03-20T01:47:56.840Z"}
{"level":"info","message":"✅Hoàn Thành Lấy Dữ Liệu Ngày Nghỉ !","timestamp":"2025-03-20T01:47:56.844Z"}
{"level":"info","message":"⏳Truy Xuất Dữ Liệu Order","timestamp":"2025-03-20T01:47:56.845Z"}
{"level":"info","message":"✅Hoàn Thành Lấy Dữ Liệu Order !","timestamp":"2025-03-20T01:47:56.849Z"}
{"level":"info","message":"⏳Tính Toán Phân Bổ Kế Hoạch","timestamp":"2025-03-20T01:47:56.849Z"}
{"level":"info","message":"✅Hoàn Thành Phân Bổ Kế Hoạch !","timestamp":"2025-03-20T01:47:56.865Z"}
{"level":"info","message":"Thực Hiện Tính Toán Kế Hoạch ................","timestamp":"2025-03-20T01:49:13.638Z"}
{"level":"info","message":"⏳Truy Xuất Dữ Liệu MasterData","timestamp":"2025-03-20T01:49:13.638Z"}
{"level":"info","message":"✅Hoàn Thành Lấy Dữ Liệu Máy !","timestamp":"2025-03-20T01:49:13.643Z"}
{"level":"info","message":"✅Hoàn Thành Lấy Dữ Liệu Sản Phẩm !","timestamp":"2025-03-20T01:49:13.787Z"}
{"level":"info","message":"✅Hoàn Thành Lấy Dữ Liệu Máy --- Sản Phẩm !","timestamp":"2025-03-20T01:49:13.794Z"}
{"level":"info","message":"✅Hoàn Thành Lấy Dữ Liệu Ca Sản Xuất !","timestamp":"2025-03-20T01:49:13.799Z"}
{"level":"info","message":"✅Hoàn Thành Lấy Dữ Liệu Ngày Nghỉ !","timestamp":"2025-03-20T01:49:13.803Z"}
{"level":"info","message":"⏳Truy Xuất Dữ Liệu Order","timestamp":"2025-03-20T01:49:13.804Z"}
{"level":"info","message":"✅Hoàn Thành Lấy Dữ Liệu Order !","timestamp":"2025-03-20T01:49:13.808Z"}
{"level":"info","message":"⏳Tính Toán Phân Bổ Kế Hoạch","timestamp":"2025-03-20T01:49:13.809Z"}
{"level":"info","message":"✅Hoàn Thành Phân Bổ Kế Hoạch !","timestamp":"2025-03-20T01:49:13.830Z"}
{"level":"info","message":"Thực Hiện Tính Toán Kế Hoạch ................","timestamp":"2025-03-20T01:54:27.889Z"}
{"level":"info","message":"⏳Truy Xuất Dữ Liệu MasterData","timestamp":"2025-03-20T01:54:27.889Z"}
{"level":"info","message":"✅Hoàn Thành Lấy Dữ Liệu Máy !","timestamp":"2025-03-20T01:54:27.895Z"}
{"level":"info","message":"✅Hoàn Thành Lấy Dữ Liệu Sản Phẩm !","timestamp":"2025-03-20T01:54:28.025Z"}
{"level":"info","message":"✅Hoàn Thành Lấy Dữ Liệu Máy --- Sản Phẩm !","timestamp":"2025-03-20T01:54:28.029Z"}
{"level":"info","message":"✅Hoàn Thành Lấy Dữ Liệu Ca Sản Xuất !","timestamp":"2025-03-20T01:54:28.033Z"}
{"level":"info","message":"✅Hoàn Thành Lấy Dữ Liệu Ngày Nghỉ !","timestamp":"2025-03-20T01:54:28.036Z"}
{"level":"info","message":"⏳Truy Xuất Dữ Liệu Order","timestamp":"2025-03-20T01:54:28.037Z"}
{"level":"info","message":"✅Hoàn Thành Lấy Dữ Liệu Order !","timestamp":"2025-03-20T01:54:28.041Z"}
{"level":"info","message":"⏳Tính Toán Phân Bổ Kế Hoạch","timestamp":"2025-03-20T01:54:28.041Z"}
{"level":"info","message":"✅Hoàn Thành Phân Bổ Kế Hoạch !","timestamp":"2025-03-20T01:54:28.049Z"}
{"level":"info","message":"Thực Hiện Tính Toán Kế Hoạch ................","timestamp":"2025-03-20T01:55:36.557Z"}
{"level":"info","message":"⏳Truy Xuất Dữ Liệu MasterData","timestamp":"2025-03-20T01:55:36.558Z"}
{"level":"info","message":"✅Hoàn Thành Lấy Dữ Liệu Máy !","timestamp":"2025-03-20T01:55:36.585Z"}
{"level":"info","message":"✅Hoàn Thành Lấy Dữ Liệu Sản Phẩm !","timestamp":"2025-03-20T01:55:36.762Z"}
{"level":"info","message":"✅Hoàn Thành Lấy Dữ Liệu Máy --- Sản Phẩm !","timestamp":"2025-03-20T01:55:36.766Z"}
{"level":"info","message":"✅Hoàn Thành Lấy Dữ Liệu Ca Sản Xuất !","timestamp":"2025-03-20T01:55:36.770Z"}
{"level":"info","message":"✅Hoàn Thành Lấy Dữ Liệu Ngày Nghỉ !","timestamp":"2025-03-20T01:55:36.773Z"}
{"level":"info","message":"⏳Truy Xuất Dữ Liệu Order","timestamp":"2025-03-20T01:55:36.773Z"}
{"level":"info","message":"✅Hoàn Thành Lấy Dữ Liệu Order !","timestamp":"2025-03-20T01:55:36.777Z"}
{"level":"info","message":"⏳Tính Toán Phân Bổ Kế Hoạch","timestamp":"2025-03-20T01:55:36.777Z"}
{"level":"info","message":"✅Hoàn Thành Phân Bổ Kế Hoạch !","timestamp":"2025-03-20T01:55:36.789Z"}
{"level":"info","message":"Thực Hiện Tính Toán Kế Hoạch ................","timestamp":"2025-03-20T02:15:32.697Z"}
{"level":"info","message":"⏳Truy Xuất Dữ Liệu MasterData","timestamp":"2025-03-20T02:15:32.698Z"}
{"level":"info","message":"✅Hoàn Thành Lấy Dữ Liệu Máy !","timestamp":"2025-03-20T02:15:32.707Z"}
{"level":"info","message":"✅Hoàn Thành Lấy Dữ Liệu Sản Phẩm !","timestamp":"2025-03-20T02:15:32.844Z"}
{"level":"info","message":"✅Hoàn Thành Lấy Dữ Liệu Máy --- Sản Phẩm !","timestamp":"2025-03-20T02:15:32.849Z"}
{"level":"info","message":"✅Hoàn Thành Lấy Dữ Liệu Ca Sản Xuất !","timestamp":"2025-03-20T02:15:32.853Z"}
{"level":"info","message":"✅Hoàn Thành Lấy Dữ Liệu Ngày Nghỉ !","timestamp":"2025-03-20T02:15:32.859Z"}
{"level":"info","message":"⏳Truy Xuất Dữ Liệu Order","timestamp":"2025-03-20T02:15:32.859Z"}
{"level":"info","message":"✅Hoàn Thành Lấy Dữ Liệu Order !","timestamp":"2025-03-20T02:15:32.867Z"}
{"level":"info","message":"⏳Tính Toán Phân Bổ Kế Hoạch","timestamp":"2025-03-20T02:15:32.867Z"}
{"level":"info","message":"✅Hoàn Thành Phân Bổ Kế Hoạch !","timestamp":"2025-03-20T02:15:32.889Z"}
{"level":"info","message":"Thực Hiện Tính Toán Kế Hoạch ................","timestamp":"2025-03-20T02:35:24.397Z"}
{"level":"info","message":"⏳Truy Xuất Dữ Liệu MasterData","timestamp":"2025-03-20T02:35:24.397Z"}
{"level":"info","message":"✅Hoàn Thành Lấy Dữ Liệu Máy !","timestamp":"2025-03-20T02:35:24.405Z"}
{"level":"info","message":"✅Hoàn Thành Lấy Dữ Liệu Sản Phẩm !","timestamp":"2025-03-20T02:35:24.574Z"}
{"level":"info","message":"✅Hoàn Thành Lấy Dữ Liệu Máy --- Sản Phẩm !","timestamp":"2025-03-20T02:35:24.580Z"}
{"level":"info","message":"✅Hoàn Thành Lấy Dữ Liệu Ca Sản Xuất !","timestamp":"2025-03-20T02:35:24.588Z"}
{"level":"info","message":"✅Hoàn Thành Lấy Dữ Liệu Ngày Nghỉ !","timestamp":"2025-03-20T02:35:24.595Z"}
{"level":"info","message":"⏳Truy Xuất Dữ Liệu Order","timestamp":"2025-03-20T02:35:24.595Z"}
{"level":"info","message":"✅Hoàn Thành Lấy Dữ Liệu Order !","timestamp":"2025-03-20T02:35:24.601Z"}
{"level":"info","message":"⏳Tính Toán Phân Bổ Kế Hoạch","timestamp":"2025-03-20T02:35:24.602Z"}
{"level":"info","message":"✅Hoàn Thành Phân Bổ Kế Hoạch !","timestamp":"2025-03-20T02:35:24.627Z"}
{"level":"info","message":"Thực Hiện Tính Toán Kế Hoạch ................","timestamp":"2025-03-20T02:40:40.753Z"}
{"level":"info","message":"⏳Truy Xuất Dữ Liệu MasterData","timestamp":"2025-03-20T02:40:40.754Z"}
{"level":"info","message":"✅Hoàn Thành Lấy Dữ Liệu Máy !","timestamp":"2025-03-20T02:40:40.766Z"}
{"level":"info","message":"✅Hoàn Thành Lấy Dữ Liệu Sản Phẩm !","timestamp":"2025-03-20T02:40:40.978Z"}
{"level":"info","message":"✅Hoàn Thành Lấy Dữ Liệu Máy --- Sản Phẩm !","timestamp":"2025-03-20T02:40:40.983Z"}
{"level":"info","message":"✅Hoàn Thành Lấy Dữ Liệu Ca Sản Xuất !","timestamp":"2025-03-20T02:40:41.015Z"}
{"level":"info","message":"✅Hoàn Thành Lấy Dữ Liệu Ngày Nghỉ !","timestamp":"2025-03-20T02:40:41.053Z"}
{"level":"info","message":"⏳Truy Xuất Dữ Liệu Order","timestamp":"2025-03-20T02:40:41.054Z"}
{"level":"info","message":"✅Hoàn Thành Lấy Dữ Liệu Order !","timestamp":"2025-03-20T02:40:41.072Z"}
{"level":"info","message":"⏳Tính Toán Phân Bổ Kế Hoạch","timestamp":"2025-03-20T02:40:41.074Z"}
{"level":"info","message":"✅Hoàn Thành Phân Bổ Kế Hoạch !","timestamp":"2025-03-20T02:40:41.110Z"}
{"level":"info","message":"Thực Hiện Tính Toán Kế Hoạch ................","timestamp":"2025-03-20T02:43:06.509Z"}
{"level":"info","message":"⏳Truy Xuất Dữ Liệu MasterData","timestamp":"2025-03-20T02:43:06.510Z"}
{"level":"info","message":"✅Hoàn Thành Lấy Dữ Liệu Máy !","timestamp":"2025-03-20T02:43:06.517Z"}
{"level":"info","message":"✅Hoàn Thành Lấy Dữ Liệu Sản Phẩm !","timestamp":"2025-03-20T02:43:06.665Z"}
{"level":"info","message":"✅Hoàn Thành Lấy Dữ Liệu Máy --- Sản Phẩm !","timestamp":"2025-03-20T02:43:06.671Z"}
{"level":"info","message":"✅Hoàn Thành Lấy Dữ Liệu Ca Sản Xuất !","timestamp":"2025-03-20T02:43:06.677Z"}
{"level":"info","message":"✅Hoàn Thành Lấy Dữ Liệu Ngày Nghỉ !","timestamp":"2025-03-20T02:43:06.688Z"}
{"level":"info","message":"⏳Truy Xuất Dữ Liệu Order","timestamp":"2025-03-20T02:43:06.688Z"}
{"level":"info","message":"✅Hoàn Thành Lấy Dữ Liệu Order !","timestamp":"2025-03-20T02:43:06.698Z"}
{"level":"info","message":"⏳Tính Toán Phân Bổ Kế Hoạch","timestamp":"2025-03-20T02:43:06.699Z"}
{"level":"info","message":"✅Hoàn Thành Phân Bổ Kế Hoạch !","timestamp":"2025-03-20T02:43:06.725Z"}
{"level":"info","message":"Thực Hiện Tính Toán Kế Hoạch ................","timestamp":"2025-03-20T02:45:53.479Z"}
{"level":"info","message":"⏳Truy Xuất Dữ Liệu MasterData","timestamp":"2025-03-20T02:45:53.481Z"}
{"level":"info","message":"✅Hoàn Thành Lấy Dữ Liệu Máy !","timestamp":"2025-03-20T02:45:53.492Z"}
{"level":"info","message":"✅Hoàn Thành Lấy Dữ Liệu Sản Phẩm !","timestamp":"2025-03-20T02:45:53.743Z"}
{"level":"info","message":"✅Hoàn Thành Lấy Dữ Liệu Máy --- Sản Phẩm !","timestamp":"2025-03-20T02:45:53.752Z"}
{"level":"info","message":"✅Hoàn Thành Lấy Dữ Liệu Ca Sản Xuất !","timestamp":"2025-03-20T02:45:53.757Z"}
{"level":"info","message":"✅Hoàn Thành Lấy Dữ Liệu Ngày Nghỉ !","timestamp":"2025-03-20T02:45:53.764Z"}
{"level":"info","message":"⏳Truy Xuất Dữ Liệu Order","timestamp":"2025-03-20T02:45:53.765Z"}
{"level":"info","message":"✅Hoàn Thành Lấy Dữ Liệu Order !","timestamp":"2025-03-20T02:45:53.772Z"}
{"level":"info","message":"⏳Tính Toán Phân Bổ Kế Hoạch","timestamp":"2025-03-20T02:45:53.774Z"}
{"level":"info","message":"✅Hoàn Thành Phân Bổ Kế Hoạch !","timestamp":"2025-03-20T02:45:53.842Z"}
{"level":"info","message":"Thực Hiện Tính Toán Kế Hoạch ................","timestamp":"2025-03-20T02:47:17.689Z"}
{"level":"info","message":"⏳Truy Xuất Dữ Liệu MasterData","timestamp":"2025-03-20T02:47:17.690Z"}
{"level":"info","message":"✅Hoàn Thành Lấy Dữ Liệu Máy !","timestamp":"2025-03-20T02:47:17.698Z"}
{"level":"info","message":"✅Hoàn Thành Lấy Dữ Liệu Sản Phẩm !","timestamp":"2025-03-20T02:47:17.966Z"}
{"level":"info","message":"✅Hoàn Thành Lấy Dữ Liệu Máy --- Sản Phẩm !","timestamp":"2025-03-20T02:47:17.971Z"}
{"level":"info","message":"✅Hoàn Thành Lấy Dữ Liệu Ca Sản Xuất !","timestamp":"2025-03-20T02:47:17.987Z"}
{"level":"info","message":"✅Hoàn Thành Lấy Dữ Liệu Ngày Nghỉ !","timestamp":"2025-03-20T02:47:17.997Z"}
{"level":"info","message":"⏳Truy Xuất Dữ Liệu Order","timestamp":"2025-03-20T02:47:17.997Z"}
{"level":"info","message":"✅Hoàn Thành Lấy Dữ Liệu Order !","timestamp":"2025-03-20T02:47:18.004Z"}
{"level":"info","message":"⏳Tính Toán Phân Bổ Kế Hoạch","timestamp":"2025-03-20T02:47:18.004Z"}
{"level":"info","message":"✅Hoàn Thành Phân Bổ Kế Hoạch !","timestamp":"2025-03-20T02:47:18.040Z"}
{"level":"info","message":"Thực Hiện Tính Toán Kế Hoạch ................","timestamp":"2025-03-20T02:48:34.381Z"}
{"level":"info","message":"⏳Truy Xuất Dữ Liệu MasterData","timestamp":"2025-03-20T02:48:34.381Z"}
{"level":"info","message":"✅Hoàn Thành Lấy Dữ Liệu Máy !","timestamp":"2025-03-20T02:48:34.394Z"}
{"level":"info","message":"✅Hoàn Thành Lấy Dữ Liệu Sản Phẩm !","timestamp":"2025-03-20T02:48:34.609Z"}
{"level":"info","message":"✅Hoàn Thành Lấy Dữ Liệu Máy --- Sản Phẩm !","timestamp":"2025-03-20T02:48:34.627Z"}
{"level":"info","message":"✅Hoàn Thành Lấy Dữ Liệu Ca Sản Xuất !","timestamp":"2025-03-20T02:48:34.640Z"}
{"level":"info","message":"✅Hoàn Thành Lấy Dữ Liệu Ngày Nghỉ !","timestamp":"2025-03-20T02:48:34.651Z"}
{"level":"info","message":"⏳Truy Xuất Dữ Liệu Order","timestamp":"2025-03-20T02:48:34.652Z"}
{"level":"info","message":"✅Hoàn Thành Lấy Dữ Liệu Order !","timestamp":"2025-03-20T02:48:34.661Z"}
{"level":"info","message":"⏳Tính Toán Phân Bổ Kế Hoạch","timestamp":"2025-03-20T02:48:34.662Z"}
{"level":"info","message":"✅Hoàn Thành Phân Bổ Kế Hoạch !","timestamp":"2025-03-20T02:48:34.702Z"}
{"level":"info","message":"Thực Hiện Tính Toán Kế Hoạch ................","timestamp":"2025-03-20T06:23:29.435Z"}
{"level":"info","message":"⏳Truy Xuất Dữ Liệu MasterData","timestamp":"2025-03-20T06:23:29.436Z"}
{"level":"info","message":"✅Hoàn Thành Lấy Dữ Liệu Máy !","timestamp":"2025-03-20T06:23:29.448Z"}
{"level":"info","message":"✅Hoàn Thành Lấy Dữ Liệu Sản Phẩm !","timestamp":"2025-03-20T06:23:29.570Z"}
{"level":"info","message":"✅Hoàn Thành Lấy Dữ Liệu Máy --- Sản Phẩm !","timestamp":"2025-03-20T06:23:29.575Z"}
{"level":"info","message":"✅Hoàn Thành Lấy Dữ Liệu Ca Sản Xuất !","timestamp":"2025-03-20T06:23:29.584Z"}
{"level":"info","message":"✅Hoàn Thành Lấy Dữ Liệu Ngày Nghỉ !","timestamp":"2025-03-20T06:23:29.588Z"}
{"level":"info","message":"⏳Truy Xuất Dữ Liệu Order","timestamp":"2025-03-20T06:23:29.589Z"}
{"level":"info","message":"✅Hoàn Thành Lấy Dữ Liệu Order !","timestamp":"2025-03-20T06:23:29.593Z"}
{"level":"info","message":"⏳Tính Toán Phân Bổ Kế Hoạch","timestamp":"2025-03-20T06:23:29.593Z"}
{"level":"info","message":"✅Hoàn Thành Phân Bổ Kế Hoạch !","timestamp":"2025-03-20T06:23:29.623Z"}
{"level":"info","message":"Thực Hiện Tính Toán Kế Hoạch ................","timestamp":"2025-03-20T06:26:22.529Z"}
{"level":"info","message":"⏳Truy Xuất Dữ Liệu MasterData","timestamp":"2025-03-20T06:26:22.530Z"}
{"level":"info","message":"✅Hoàn Thành Lấy Dữ Liệu Máy !","timestamp":"2025-03-20T06:26:22.542Z"}
{"level":"info","message":"✅Hoàn Thành Lấy Dữ Liệu Sản Phẩm !","timestamp":"2025-03-20T06:26:22.680Z"}
{"level":"info","message":"✅Hoàn Thành Lấy Dữ Liệu Máy --- Sản Phẩm !","timestamp":"2025-03-20T06:26:22.685Z"}
{"level":"info","message":"✅Hoàn Thành Lấy Dữ Liệu Ca Sản Xuất !","timestamp":"2025-03-20T06:26:22.694Z"}
{"level":"info","message":"✅Hoàn Thành Lấy Dữ Liệu Ngày Nghỉ !","timestamp":"2025-03-20T06:26:22.707Z"}
{"level":"info","message":"⏳Truy Xuất Dữ Liệu Order","timestamp":"2025-03-20T06:26:22.708Z"}
{"level":"info","message":"✅Hoàn Thành Lấy Dữ Liệu Order !","timestamp":"2025-03-20T06:26:22.714Z"}
{"level":"info","message":"⏳Tính Toán Phân Bổ Kế Hoạch","timestamp":"2025-03-20T06:26:22.715Z"}
{"level":"info","message":"✅Hoàn Thành Phân Bổ Kế Hoạch !","timestamp":"2025-03-20T06:26:22.743Z"}
{"level":"info","message":"Thực Hiện Tính Toán Kế Hoạch ................","timestamp":"2025-03-20T06:54:45.148Z"}
{"level":"info","message":"⏳Truy Xuất Dữ Liệu MasterData","timestamp":"2025-03-20T06:54:45.149Z"}
{"level":"info","message":"✅Hoàn Thành Lấy Dữ Liệu Máy !","timestamp":"2025-03-20T06:54:45.163Z"}
{"level":"info","message":"✅Hoàn Thành Lấy Dữ Liệu Sản Phẩm !","timestamp":"2025-03-20T06:54:45.288Z"}
{"level":"info","message":"✅Hoàn Thành Lấy Dữ Liệu Máy --- Sản Phẩm !","timestamp":"2025-03-20T06:54:45.292Z"}
{"level":"info","message":"✅Hoàn Thành Lấy Dữ Liệu Ca Sản Xuất !","timestamp":"2025-03-20T06:54:45.298Z"}
{"level":"info","message":"✅Hoàn Thành Lấy Dữ Liệu Ngày Nghỉ !","timestamp":"2025-03-20T06:54:45.303Z"}
{"level":"info","message":"⏳Truy Xuất Dữ Liệu Order","timestamp":"2025-03-20T06:54:45.304Z"}
{"level":"info","message":"✅Hoàn Thành Lấy Dữ Liệu Order !","timestamp":"2025-03-20T06:54:45.309Z"}
{"level":"info","message":"⏳Tính Toán Phân Bổ Kế Hoạch","timestamp":"2025-03-20T06:54:45.310Z"}
{"level":"info","message":"✅Hoàn Thành Phân Bổ Kế Hoạch !","timestamp":"2025-03-20T06:54:45.331Z"}
{"level":"info","message":"Thực Hiện Tính Toán Kế Hoạch ................","timestamp":"2025-03-20T08:36:36.126Z"}
{"level":"info","message":"⏳Truy Xuất Dữ Liệu MasterData","timestamp":"2025-03-20T08:36:36.127Z"}
{"level":"info","message":"✅Hoàn Thành Lấy Dữ Liệu Máy !","timestamp":"2025-03-20T08:36:36.134Z"}
{"level":"info","message":"✅Hoàn Thành Lấy Dữ Liệu Sản Phẩm !","timestamp":"2025-03-20T08:36:36.241Z"}
{"level":"info","message":"✅Hoàn Thành Lấy Dữ Liệu Máy --- Sản Phẩm !","timestamp":"2025-03-20T08:36:36.248Z"}
{"level":"info","message":"✅Hoàn Thành Lấy Dữ Liệu Ca Sản Xuất !","timestamp":"2025-03-20T08:36:36.254Z"}
{"level":"info","message":"✅Hoàn Thành Lấy Dữ Liệu Ngày Nghỉ !","timestamp":"2025-03-20T08:36:36.260Z"}
{"level":"info","message":"⏳Truy Xuất Dữ Liệu Order","timestamp":"2025-03-20T08:36:36.260Z"}
{"level":"info","message":"✅Hoàn Thành Lấy Dữ Liệu Order !","timestamp":"2025-03-20T08:36:36.266Z"}
{"level":"info","message":"⏳Tính Toán Phân Bổ Kế Hoạch","timestamp":"2025-03-20T08:36:36.267Z"}
{"level":"info","message":"✅Hoàn Thành Phân Bổ Kế Hoạch !","timestamp":"2025-03-20T08:36:36.287Z"}
{"level":"info","message":"Thực Hiện Tính Toán Kế Hoạch ................","timestamp":"2025-03-20T09:11:06.880Z"}
{"level":"info","message":"⏳Truy Xuất Dữ Liệu MasterData","timestamp":"2025-03-20T09:11:06.881Z"}
{"level":"info","message":"✅Hoàn Thành Lấy Dữ Liệu Máy !","timestamp":"2025-03-20T09:11:06.894Z"}
{"level":"info","message":"✅Hoàn Thành Lấy Dữ Liệu Sản Phẩm !","timestamp":"2025-03-20T09:11:07.033Z"}
{"level":"info","message":"✅Hoàn Thành Lấy Dữ Liệu Máy --- Sản Phẩm !","timestamp":"2025-03-20T09:11:07.037Z"}
{"level":"info","message":"✅Hoàn Thành Lấy Dữ Liệu Ca Sản Xuất !","timestamp":"2025-03-20T09:11:07.042Z"}
{"level":"info","message":"✅Hoàn Thành Lấy Dữ Liệu Ngày Nghỉ !","timestamp":"2025-03-20T09:11:07.046Z"}
{"level":"info","message":"⏳Truy Xuất Dữ Liệu Order","timestamp":"2025-03-20T09:11:07.047Z"}
{"level":"info","message":"✅Hoàn Thành Lấy Dữ Liệu Order !","timestamp":"2025-03-20T09:11:07.051Z"}
{"level":"info","message":"⏳Tính Toán Phân Bổ Kế Hoạch","timestamp":"2025-03-20T09:11:07.051Z"}
{"level":"info","message":"✅Hoàn Thành Phân Bổ Kế Hoạch !","timestamp":"2025-03-20T09:11:07.092Z"}
